2016-09-21 00:02:49,613 INFO org.apache.hadoop.hdfs.server.namenode.SecondaryNameNode: SHUTDOWN_MSG: 
/************************************************************
SHUTDOWN_MSG: Shutting down SecondaryNameNode at master/10.129.40.100
************************************************************/
2016-09-21 00:02:53,303 INFO org.apache.hadoop.hdfs.server.namenode.SecondaryNameNode: STARTUP_MSG: 
/************************************************************
STARTUP_MSG: Starting SecondaryNameNode
STARTUP_MSG:   host = master/10.129.40.100
STARTUP_MSG:   args = []
STARTUP_MSG:   version = 0.21.0
STARTUP_MSG:   classpath = /usr/local/hadoop/bin/../conf:/usr/lib/jvm/java-8-openjdk-amd64/lib/tools.jar:/usr/local/hadoop/bin/..:/usr/local/hadoop/bin/../hadoop-common-0.21.0.jar:/usr/local/hadoop/bin/../hadoop-common-test-0.21.0.jar:/usr/local/hadoop/bin/../hadoop-hdfs-0.21.0.jar:/usr/local/hadoop/bin/../hadoop-hdfs-0.21.0-sources.jar:/usr/local/hadoop/bin/../hadoop-hdfs-ant-0.21.0.jar:/usr/local/hadoop/bin/../hadoop-hdfs-test-0.21.0.jar:/usr/local/hadoop/bin/../hadoop-hdfs-test-0.21.0-sources.jar:/usr/local/hadoop/bin/../hadoop-mapred-0.21.0.jar:/usr/local/hadoop/bin/../hadoop-mapred-0.21.0-sources.jar:/usr/local/hadoop/bin/../hadoop-mapred-examples-0.21.0.jar:/usr/local/hadoop/bin/../hadoop-mapred-test-0.21.0.jar:/usr/local/hadoop/bin/../hadoop-mapred-tools-0.21.0.jar:/usr/local/hadoop/bin/../lib/ant-1.6.5.jar:/usr/local/hadoop/bin/../lib/asm-3.2.jar:/usr/local/hadoop/bin/../lib/aspectjrt-1.6.5.jar:/usr/local/hadoop/bin/../lib/aspectjtools-1.6.5.jar:/usr/local/hadoop/bin/../lib/avro-1.3.2.jar:/usr/local/hadoop/bin/../lib/commons-cli-1.2.jar:/usr/local/hadoop/bin/../lib/commons-codec-1.4.jar:/usr/local/hadoop/bin/../lib/commons-el-1.0.jar:/usr/local/hadoop/bin/../lib/commons-httpclient-3.1.jar:/usr/local/hadoop/bin/../lib/commons-lang-2.5.jar:/usr/local/hadoop/bin/../lib/commons-logging-1.1.1.jar:/usr/local/hadoop/bin/../lib/commons-logging-api-1.1.jar:/usr/local/hadoop/bin/../lib/commons-net-1.4.1.jar:/usr/local/hadoop/bin/../lib/core-3.1.1.jar:/usr/local/hadoop/bin/../lib/ftplet-api-1.0.0.jar:/usr/local/hadoop/bin/../lib/ftpserver-core-1.0.0.jar:/usr/local/hadoop/bin/../lib/ftpserver-deprecated-1.0.0-M2.jar:/usr/local/hadoop/bin/../lib/hsqldb-1.8.0.10.jar:/usr/local/hadoop/bin/../lib/jackson-core-asl-1.4.2.jar:/usr/local/hadoop/bin/../lib/jackson-mapper-asl-1.4.2.jar:/usr/local/hadoop/bin/../lib/jasper-compiler-5.5.12.jar:/usr/local/hadoop/bin/../lib/jasper-runtime-5.5.12.jar:/usr/local/hadoop/bin/../lib/jdiff-1.0.9.jar:/usr/local/hadoop/bin/../lib/jets3t-0.7.1.jar:/usr/local/hadoop/bin/../lib/jetty-6.1.14.jar:/usr/local/hadoop/bin/../lib/jetty-util-6.1.14.jar:/usr/local/hadoop/bin/../lib/jsp-2.1-6.1.14.jar:/usr/local/hadoop/bin/../lib/jsp-api-2.1-6.1.14.jar:/usr/local/hadoop/bin/../lib/junit-4.8.1.jar:/usr/local/hadoop/bin/../lib/kfs-0.3.jar:/usr/local/hadoop/bin/../lib/log4j-1.2.15.jar:/usr/local/hadoop/bin/../lib/mina-core-2.0.0-M5.jar:/usr/local/hadoop/bin/../lib/mockito-all-1.8.2.jar:/usr/local/hadoop/bin/../lib/oro-2.0.8.jar:/usr/local/hadoop/bin/../lib/paranamer-2.2.jar:/usr/local/hadoop/bin/../lib/paranamer-ant-2.2.jar:/usr/local/hadoop/bin/../lib/paranamer-generator-2.2.jar:/usr/local/hadoop/bin/../lib/qdox-1.10.1.jar:/usr/local/hadoop/bin/../lib/servlet-api-2.5-6.1.14.jar:/usr/local/hadoop/bin/../lib/slf4j-api-1.5.11.jar:/usr/local/hadoop/bin/../lib/slf4j-log4j12-1.5.11.jar:/usr/local/hadoop/bin/../lib/xmlenc-0.52.jar:/usr/local/hadoop/bin/../lib/jsp-2.1/*.jar:/usr/local/hadoop/bin/..:/usr/local/hadoop/bin/../conf:/usr/local/hadoop/bin/../hadoop-hdfs-0.21.0.jar:/usr/local/hadoop/bin/../hadoop-hdfs-0.21.0-sources.jar:/usr/local/hadoop/bin/../hadoop-hdfs-ant-0.21.0.jar:/usr/local/hadoop/bin/../hadoop-hdfs-test-0.21.0.jar:/usr/local/hadoop/bin/../hadoop-hdfs-test-0.21.0-sources.jar:/usr/local/hadoop/bin/../lib/ant-1.6.5.jar:/usr/local/hadoop/bin/../lib/asm-3.2.jar:/usr/local/hadoop/bin/../lib/aspectjrt-1.6.5.jar:/usr/local/hadoop/bin/../lib/aspectjtools-1.6.5.jar:/usr/local/hadoop/bin/../lib/avro-1.3.2.jar:/usr/local/hadoop/bin/../lib/commons-cli-1.2.jar:/usr/local/hadoop/bin/../lib/commons-codec-1.4.jar:/usr/local/hadoop/bin/../lib/commons-el-1.0.jar:/usr/local/hadoop/bin/../lib/commons-httpclient-3.1.jar:/usr/local/hadoop/bin/../lib/commons-lang-2.5.jar:/usr/local/hadoop/bin/../lib/commons-logging-1.1.1.jar:/usr/local/hadoop/bin/../lib/commons-logging-api-1.1.jar:/usr/local/hadoop/bin/../lib/commons-net-1.4.1.jar:/usr/local/hadoop/bin/../lib/core-3.1.1.jar:/usr/local/hadoop/bin/../lib/ftplet-api-1.0.0.jar:/usr/local/hadoop/bin/../lib/ftpserver-core-1.0.0.jar:/usr/local/hadoop/bin/../lib/ftpserver-deprecated-1.0.0-M2.jar:/usr/local/hadoop/bin/../lib/hsqldb-1.8.0.10.jar:/usr/local/hadoop/bin/../lib/jackson-core-asl-1.4.2.jar:/usr/local/hadoop/bin/../lib/jackson-mapper-asl-1.4.2.jar:/usr/local/hadoop/bin/../lib/jasper-compiler-5.5.12.jar:/usr/local/hadoop/bin/../lib/jasper-runtime-5.5.12.jar:/usr/local/hadoop/bin/../lib/jdiff-1.0.9.jar:/usr/local/hadoop/bin/../lib/jets3t-0.7.1.jar:/usr/local/hadoop/bin/../lib/jetty-6.1.14.jar:/usr/local/hadoop/bin/../lib/jetty-util-6.1.14.jar:/usr/local/hadoop/bin/../lib/jsp-2.1-6.1.14.jar:/usr/local/hadoop/bin/../lib/jsp-api-2.1-6.1.14.jar:/usr/local/hadoop/bin/../lib/junit-4.8.1.jar:/usr/local/hadoop/bin/../lib/kfs-0.3.jar:/usr/local/hadoop/bin/../lib/log4j-1.2.15.jar:/usr/local/hadoop/bin/../lib/mina-core-2.0.0-M5.jar:/usr/local/hadoop/bin/../lib/mockito-all-1.8.2.jar:/usr/local/hadoop/bin/../lib/oro-2.0.8.jar:/usr/local/hadoop/bin/../lib/paranamer-2.2.jar:/usr/local/hadoop/bin/../lib/paranamer-ant-2.2.jar:/usr/local/hadoop/bin/../lib/paranamer-generator-2.2.jar:/usr/local/hadoop/bin/../lib/qdox-1.10.1.jar:/usr/local/hadoop/bin/../lib/servlet-api-2.5-6.1.14.jar:/usr/local/hadoop/bin/../lib/slf4j-api-1.5.11.jar:/usr/local/hadoop/bin/../lib/slf4j-log4j12-1.5.11.jar:/usr/local/hadoop/bin/../lib/xmlenc-0.52.jar:/usr/local/hadoop/bin/../mapred/conf:/usr/local/hadoop/bin/../mapred/hadoop-mapred-*.jar:/usr/local/hadoop/bin/../mapred/lib/*.jar:/usr/local/hadoop/bin/..:/usr/local/hadoop/bin/../hadoop-hdfs-0.21.0.jar:/usr/local/hadoop/bin/../hadoop-hdfs-0.21.0-sources.jar:/usr/local/hadoop/bin/../hadoop-hdfs-ant-0.21.0.jar:/usr/local/hadoop/bin/../hadoop-hdfs-test-0.21.0.jar:/usr/local/hadoop/bin/../hadoop-hdfs-test-0.21.0-sources.jar:/usr/local/hadoop/bin/../lib/ant-1.6.5.jar:/usr/local/hadoop/bin/../lib/asm-3.2.jar:/usr/local/hadoop/bin/../lib/aspectjrt-1.6.5.jar:/usr/local/hadoop/bin/../lib/aspectjtools-1.6.5.jar:/usr/local/hadoop/bin/../lib/avro-1.3.2.jar:/usr/local/hadoop/bin/../lib/commons-cli-1.2.jar:/usr/local/hadoop/bin/../lib/commons-codec-1.4.jar:/usr/local/hadoop/bin/../lib/commons-el-1.0.jar:/usr/local/hadoop/bin/../lib/commons-httpclient-3.1.jar:/usr/local/hadoop/bin/../lib/commons-lang-2.5.jar:/usr/local/hadoop/bin/../lib/commons-logging-1.1.1.jar:/usr/local/hadoop/bin/../lib/commons-logging-api-1.1.jar:/usr/local/hadoop/bin/../lib/commons-net-1.4.1.jar:/usr/local/hadoop/bin/../lib/core-3.1.1.jar:/usr/local/hadoop/bin/../lib/ftplet-api-1.0.0.jar:/usr/local/hadoop/bin/../lib/ftpserver-core-1.0.0.jar:/usr/local/hadoop/bin/../lib/ftpserver-deprecated-1.0.0-M2.jar:/usr/local/hadoop/bin/../lib/hsqldb-1.8.0.10.jar:/usr/local/hadoop/bin/../lib/jackson-core-asl-1.4.2.jar:/usr/local/hadoop/bin/../lib/jackson-mapper-asl-1.4.2.jar:/usr/local/hadoop/bin/../lib/jasper-compiler-5.5.12.jar:/usr/local/hadoop/bin/../lib/jasper-runtime-5.5.12.jar:/usr/local/hadoop/bin/../lib/jdiff-1.0.9.jar:/usr/local/hadoop/bin/../lib/jets3t-0.7.1.jar:/usr/local/hadoop/bin/../lib/jetty-6.1.14.jar:/usr/local/hadoop/bin/../lib/jetty-util-6.1.14.jar:/usr/local/hadoop/bin/../lib/jsp-2.1-6.1.14.jar:/usr/local/hadoop/bin/../lib/jsp-api-2.1-6.1.14.jar:/usr/local/hadoop/bin/../lib/junit-4.8.1.jar:/usr/local/hadoop/bin/../lib/kfs-0.3.jar:/usr/local/hadoop/bin/../lib/log4j-1.2.15.jar:/usr/local/hadoop/bin/../lib/mina-core-2.0.0-M5.jar:/usr/local/hadoop/bin/../lib/mockito-all-1.8.2.jar:/usr/local/hadoop/bin/../lib/oro-2.0.8.jar:/usr/local/hadoop/bin/../lib/paranamer-2.2.jar:/usr/local/hadoop/bin/../lib/paranamer-ant-2.2.jar:/usr/local/hadoop/bin/../lib/paranamer-generator-2.2.jar:/usr/local/hadoop/bin/../lib/qdox-1.10.1.jar:/usr/local/hadoop/bin/../lib/servlet-api-2.5-6.1.14.jar:/usr/local/hadoop/bin/../lib/slf4j-api-1.5.11.jar:/usr/local/hadoop/bin/../lib/slf4j-log4j12-1.5.11.jar:/usr/local/hadoop/bin/../lib/xmlenc-0.52.jar
STARTUP_MSG:   build = https://svn.apache.org/repos/asf/hadoop/common/branches/branch-0.21 -r 985326; compiled by 'tomwhite' on Tue Aug 17 01:02:28 EDT 2010
************************************************************/
2016-09-21 00:02:53,365 INFO org.apache.hadoop.security.Groups: Group mapping impl=org.apache.hadoop.security.ShellBasedUnixGroupsMapping; cacheTimeout=300000
2016-09-21 00:02:53,367 INFO org.apache.hadoop.metrics.jvm.JvmMetrics: Initializing JVM Metrics with processName=SecondaryNameNode, sessionId=null
2016-09-21 00:02:53,369 ERROR org.apache.hadoop.metrics.MetricsUtil: Unable to create metrics context jvm
java.lang.ClassNotFoundException: org.apache.hadoop.metrics.ganglia.GangliaContext31
	at java.net.URLClassLoader.findClass(URLClassLoader.java:381)
	at java.lang.ClassLoader.loadClass(ClassLoader.java:424)
	at sun.misc.Launcher$AppClassLoader.loadClass(Launcher.java:331)
	at java.lang.ClassLoader.loadClass(ClassLoader.java:357)
	at java.lang.Class.forName0(Native Method)
	at java.lang.Class.forName(Class.java:264)
	at org.apache.hadoop.metrics.ContextFactory.getContext(ContextFactory.java:139)
	at org.apache.hadoop.metrics.MetricsUtil.getContext(MetricsUtil.java:60)
	at org.apache.hadoop.metrics.MetricsUtil.getContext(MetricsUtil.java:49)
	at org.apache.hadoop.metrics.jvm.JvmMetrics.<init>(JvmMetrics.java:86)
	at org.apache.hadoop.metrics.jvm.JvmMetrics.init(JvmMetrics.java:78)
	at org.apache.hadoop.metrics.jvm.JvmMetrics.init(JvmMetrics.java:65)
	at org.apache.hadoop.hdfs.server.namenode.SecondaryNameNode.initialize(SecondaryNameNode.java:131)
	at org.apache.hadoop.hdfs.server.namenode.SecondaryNameNode.<init>(SecondaryNameNode.java:119)
	at org.apache.hadoop.hdfs.server.namenode.SecondaryNameNode.main(SecondaryNameNode.java:481)
2016-09-21 00:02:53,518 INFO org.mortbay.log: Logging to org.slf4j.impl.Log4jLoggerAdapter(org.mortbay.log) via org.mortbay.log.Slf4jLog
2016-09-21 00:02:53,540 INFO org.apache.hadoop.http.HttpServer: Added global filtersafety (class=org.apache.hadoop.http.HttpServer$QuotingInputFilter)
2016-09-21 00:02:53,542 INFO org.apache.hadoop.http.HttpServer: Port returned by webServer.getConnectors()[0].getLocalPort() before open() is -1. Opening the listener on 50090
2016-09-21 00:02:53,542 INFO org.apache.hadoop.http.HttpServer: listener.getLocalPort() returned 50090 webServer.getConnectors()[0].getLocalPort() returned 50090
2016-09-21 00:02:53,542 INFO org.apache.hadoop.http.HttpServer: Jetty bound to port 50090
2016-09-21 00:02:53,542 INFO org.mortbay.log: jetty-6.1.14
2016-09-21 00:02:53,662 INFO org.mortbay.log: Started SelectChannelConnector@0.0.0.0:50090
2016-09-21 00:02:53,662 INFO org.apache.hadoop.hdfs.server.namenode.SecondaryNameNode: Secondary Web-server up at: 0.0.0.0:50090
2016-09-21 00:02:53,662 WARN org.apache.hadoop.hdfs.server.namenode.SecondaryNameNode: Checkpoint Period   :3600 secs (60 min)
2016-09-21 00:02:53,662 WARN org.apache.hadoop.hdfs.server.namenode.SecondaryNameNode: Log Size Trigger    :67108864 bytes (65536 KB)
2016-09-21 00:07:53,799 INFO org.apache.hadoop.hdfs.server.namenode.SecondaryNameNode: Downloaded file fsimage size 148674 bytes.
2016-09-21 00:07:53,810 INFO org.apache.hadoop.hdfs.server.namenode.SecondaryNameNode: Downloaded file edits size 6375 bytes.
2016-09-21 00:07:53,817 INFO org.apache.hadoop.hdfs.server.namenode.FSNamesystem: defaultReplication = 3
2016-09-21 00:07:53,817 INFO org.apache.hadoop.hdfs.server.namenode.FSNamesystem: maxReplication = 512
2016-09-21 00:07:53,817 INFO org.apache.hadoop.hdfs.server.namenode.FSNamesystem: minReplication = 1
2016-09-21 00:07:53,817 INFO org.apache.hadoop.hdfs.server.namenode.FSNamesystem: maxReplicationStreams = 2
2016-09-21 00:07:53,817 INFO org.apache.hadoop.hdfs.server.namenode.FSNamesystem: shouldCheckForEnoughRacks = false
2016-09-21 00:07:53,817 INFO org.apache.hadoop.hdfs.server.namenode.FSNamesystem: fsOwner=hduser
2016-09-21 00:07:53,818 INFO org.apache.hadoop.hdfs.server.namenode.FSNamesystem: supergroup=supergroup
2016-09-21 00:07:53,818 INFO org.apache.hadoop.hdfs.server.namenode.FSNamesystem: isPermissionEnabled=true
2016-09-21 00:07:53,818 INFO org.apache.hadoop.hdfs.server.namenode.FSNamesystem: isAccessTokenEnabled=false accessKeyUpdateInterval=0 min(s), accessTokenLifetime=0 min(s)
2016-09-21 00:07:53,841 INFO org.apache.hadoop.hdfs.server.common.Storage: Number of files = 721
2016-09-21 00:07:53,862 INFO org.apache.hadoop.hdfs.server.common.Storage: Number of files under construction = 0
2016-09-21 00:07:53,866 INFO org.apache.hadoop.hdfs.server.common.Storage: Edits file /usr/local/hadoop_tmp/hdfs/hadoopdata/dfs/namesecondary/current/edits of size 6375 edits # 60 loaded in 0 seconds.
2016-09-21 00:07:53,867 INFO org.apache.hadoop.hdfs.server.namenode.FSNamesystem: Number of transactions: 0 Total time for transactions(ms): 0Number of transactions batched in Syncs: 0 Number of syncs: 0 SyncTimes(ms): 0 
2016-09-21 00:07:53,916 INFO org.apache.hadoop.hdfs.server.common.Storage: Image file of size 150165 saved in 0 seconds.
2016-09-21 00:07:54,262 INFO org.apache.hadoop.hdfs.server.common.Storage: Image file of size 150165 saved in 0 seconds.
2016-09-21 00:07:54,619 INFO org.apache.hadoop.hdfs.server.namenode.SecondaryNameNode: Posted URL master:50070putimage=1&port=50090&machine=10.129.40.100&token=-24:1368787595:0:1474396673000:1474396370714
2016-09-21 00:07:55,080 WARN org.apache.hadoop.hdfs.server.namenode.SecondaryNameNode: Checkpoint done. New Image Size: 150165
2016-09-21 00:33:14,784 INFO org.apache.hadoop.hdfs.server.namenode.SecondaryNameNode: SHUTDOWN_MSG: 
/************************************************************
SHUTDOWN_MSG: Shutting down SecondaryNameNode at master/10.129.40.100
************************************************************/
2016-09-21 00:33:18,491 INFO org.apache.hadoop.hdfs.server.namenode.SecondaryNameNode: STARTUP_MSG: 
/************************************************************
STARTUP_MSG: Starting SecondaryNameNode
STARTUP_MSG:   host = master/10.129.40.100
STARTUP_MSG:   args = []
STARTUP_MSG:   version = 0.21.0
STARTUP_MSG:   classpath = /usr/local/hadoop/bin/../conf:/usr/lib/jvm/java-8-openjdk-amd64/lib/tools.jar:/usr/local/hadoop/bin/..:/usr/local/hadoop/bin/../hadoop-common-0.21.0.jar:/usr/local/hadoop/bin/../hadoop-common-test-0.21.0.jar:/usr/local/hadoop/bin/../hadoop-hdfs-0.21.0.jar:/usr/local/hadoop/bin/../hadoop-hdfs-0.21.0-sources.jar:/usr/local/hadoop/bin/../hadoop-hdfs-ant-0.21.0.jar:/usr/local/hadoop/bin/../hadoop-hdfs-test-0.21.0.jar:/usr/local/hadoop/bin/../hadoop-hdfs-test-0.21.0-sources.jar:/usr/local/hadoop/bin/../hadoop-mapred-0.21.0.jar:/usr/local/hadoop/bin/../hadoop-mapred-0.21.0-sources.jar:/usr/local/hadoop/bin/../hadoop-mapred-examples-0.21.0.jar:/usr/local/hadoop/bin/../hadoop-mapred-test-0.21.0.jar:/usr/local/hadoop/bin/../hadoop-mapred-tools-0.21.0.jar:/usr/local/hadoop/bin/../lib/ant-1.6.5.jar:/usr/local/hadoop/bin/../lib/asm-3.2.jar:/usr/local/hadoop/bin/../lib/aspectjrt-1.6.5.jar:/usr/local/hadoop/bin/../lib/aspectjtools-1.6.5.jar:/usr/local/hadoop/bin/../lib/avro-1.3.2.jar:/usr/local/hadoop/bin/../lib/commons-cli-1.2.jar:/usr/local/hadoop/bin/../lib/commons-codec-1.4.jar:/usr/local/hadoop/bin/../lib/commons-el-1.0.jar:/usr/local/hadoop/bin/../lib/commons-httpclient-3.1.jar:/usr/local/hadoop/bin/../lib/commons-lang-2.5.jar:/usr/local/hadoop/bin/../lib/commons-logging-1.1.1.jar:/usr/local/hadoop/bin/../lib/commons-logging-api-1.1.jar:/usr/local/hadoop/bin/../lib/commons-net-1.4.1.jar:/usr/local/hadoop/bin/../lib/core-3.1.1.jar:/usr/local/hadoop/bin/../lib/ftplet-api-1.0.0.jar:/usr/local/hadoop/bin/../lib/ftpserver-core-1.0.0.jar:/usr/local/hadoop/bin/../lib/ftpserver-deprecated-1.0.0-M2.jar:/usr/local/hadoop/bin/../lib/hsqldb-1.8.0.10.jar:/usr/local/hadoop/bin/../lib/jackson-core-asl-1.4.2.jar:/usr/local/hadoop/bin/../lib/jackson-mapper-asl-1.4.2.jar:/usr/local/hadoop/bin/../lib/jasper-compiler-5.5.12.jar:/usr/local/hadoop/bin/../lib/jasper-runtime-5.5.12.jar:/usr/local/hadoop/bin/../lib/jdiff-1.0.9.jar:/usr/local/hadoop/bin/../lib/jets3t-0.7.1.jar:/usr/local/hadoop/bin/../lib/jetty-6.1.14.jar:/usr/local/hadoop/bin/../lib/jetty-util-6.1.14.jar:/usr/local/hadoop/bin/../lib/jsp-2.1-6.1.14.jar:/usr/local/hadoop/bin/../lib/jsp-api-2.1-6.1.14.jar:/usr/local/hadoop/bin/../lib/junit-4.8.1.jar:/usr/local/hadoop/bin/../lib/kfs-0.3.jar:/usr/local/hadoop/bin/../lib/log4j-1.2.15.jar:/usr/local/hadoop/bin/../lib/mina-core-2.0.0-M5.jar:/usr/local/hadoop/bin/../lib/mockito-all-1.8.2.jar:/usr/local/hadoop/bin/../lib/oro-2.0.8.jar:/usr/local/hadoop/bin/../lib/paranamer-2.2.jar:/usr/local/hadoop/bin/../lib/paranamer-ant-2.2.jar:/usr/local/hadoop/bin/../lib/paranamer-generator-2.2.jar:/usr/local/hadoop/bin/../lib/qdox-1.10.1.jar:/usr/local/hadoop/bin/../lib/servlet-api-2.5-6.1.14.jar:/usr/local/hadoop/bin/../lib/slf4j-api-1.5.11.jar:/usr/local/hadoop/bin/../lib/slf4j-log4j12-1.5.11.jar:/usr/local/hadoop/bin/../lib/xmlenc-0.52.jar:/usr/local/hadoop/bin/../lib/jsp-2.1/*.jar:/usr/local/hadoop/bin/..:/usr/local/hadoop/bin/../conf:/usr/local/hadoop/bin/../hadoop-hdfs-0.21.0.jar:/usr/local/hadoop/bin/../hadoop-hdfs-0.21.0-sources.jar:/usr/local/hadoop/bin/../hadoop-hdfs-ant-0.21.0.jar:/usr/local/hadoop/bin/../hadoop-hdfs-test-0.21.0.jar:/usr/local/hadoop/bin/../hadoop-hdfs-test-0.21.0-sources.jar:/usr/local/hadoop/bin/../lib/ant-1.6.5.jar:/usr/local/hadoop/bin/../lib/asm-3.2.jar:/usr/local/hadoop/bin/../lib/aspectjrt-1.6.5.jar:/usr/local/hadoop/bin/../lib/aspectjtools-1.6.5.jar:/usr/local/hadoop/bin/../lib/avro-1.3.2.jar:/usr/local/hadoop/bin/../lib/commons-cli-1.2.jar:/usr/local/hadoop/bin/../lib/commons-codec-1.4.jar:/usr/local/hadoop/bin/../lib/commons-el-1.0.jar:/usr/local/hadoop/bin/../lib/commons-httpclient-3.1.jar:/usr/local/hadoop/bin/../lib/commons-lang-2.5.jar:/usr/local/hadoop/bin/../lib/commons-logging-1.1.1.jar:/usr/local/hadoop/bin/../lib/commons-logging-api-1.1.jar:/usr/local/hadoop/bin/../lib/commons-net-1.4.1.jar:/usr/local/hadoop/bin/../lib/core-3.1.1.jar:/usr/local/hadoop/bin/../lib/ftplet-api-1.0.0.jar:/usr/local/hadoop/bin/../lib/ftpserver-core-1.0.0.jar:/usr/local/hadoop/bin/../lib/ftpserver-deprecated-1.0.0-M2.jar:/usr/local/hadoop/bin/../lib/hsqldb-1.8.0.10.jar:/usr/local/hadoop/bin/../lib/jackson-core-asl-1.4.2.jar:/usr/local/hadoop/bin/../lib/jackson-mapper-asl-1.4.2.jar:/usr/local/hadoop/bin/../lib/jasper-compiler-5.5.12.jar:/usr/local/hadoop/bin/../lib/jasper-runtime-5.5.12.jar:/usr/local/hadoop/bin/../lib/jdiff-1.0.9.jar:/usr/local/hadoop/bin/../lib/jets3t-0.7.1.jar:/usr/local/hadoop/bin/../lib/jetty-6.1.14.jar:/usr/local/hadoop/bin/../lib/jetty-util-6.1.14.jar:/usr/local/hadoop/bin/../lib/jsp-2.1-6.1.14.jar:/usr/local/hadoop/bin/../lib/jsp-api-2.1-6.1.14.jar:/usr/local/hadoop/bin/../lib/junit-4.8.1.jar:/usr/local/hadoop/bin/../lib/kfs-0.3.jar:/usr/local/hadoop/bin/../lib/log4j-1.2.15.jar:/usr/local/hadoop/bin/../lib/mina-core-2.0.0-M5.jar:/usr/local/hadoop/bin/../lib/mockito-all-1.8.2.jar:/usr/local/hadoop/bin/../lib/oro-2.0.8.jar:/usr/local/hadoop/bin/../lib/paranamer-2.2.jar:/usr/local/hadoop/bin/../lib/paranamer-ant-2.2.jar:/usr/local/hadoop/bin/../lib/paranamer-generator-2.2.jar:/usr/local/hadoop/bin/../lib/qdox-1.10.1.jar:/usr/local/hadoop/bin/../lib/servlet-api-2.5-6.1.14.jar:/usr/local/hadoop/bin/../lib/slf4j-api-1.5.11.jar:/usr/local/hadoop/bin/../lib/slf4j-log4j12-1.5.11.jar:/usr/local/hadoop/bin/../lib/xmlenc-0.52.jar:/usr/local/hadoop/bin/../mapred/conf:/usr/local/hadoop/bin/../mapred/hadoop-mapred-*.jar:/usr/local/hadoop/bin/../mapred/lib/*.jar:/usr/local/hadoop/bin/..:/usr/local/hadoop/bin/../hadoop-hdfs-0.21.0.jar:/usr/local/hadoop/bin/../hadoop-hdfs-0.21.0-sources.jar:/usr/local/hadoop/bin/../hadoop-hdfs-ant-0.21.0.jar:/usr/local/hadoop/bin/../hadoop-hdfs-test-0.21.0.jar:/usr/local/hadoop/bin/../hadoop-hdfs-test-0.21.0-sources.jar:/usr/local/hadoop/bin/../lib/ant-1.6.5.jar:/usr/local/hadoop/bin/../lib/asm-3.2.jar:/usr/local/hadoop/bin/../lib/aspectjrt-1.6.5.jar:/usr/local/hadoop/bin/../lib/aspectjtools-1.6.5.jar:/usr/local/hadoop/bin/../lib/avro-1.3.2.jar:/usr/local/hadoop/bin/../lib/commons-cli-1.2.jar:/usr/local/hadoop/bin/../lib/commons-codec-1.4.jar:/usr/local/hadoop/bin/../lib/commons-el-1.0.jar:/usr/local/hadoop/bin/../lib/commons-httpclient-3.1.jar:/usr/local/hadoop/bin/../lib/commons-lang-2.5.jar:/usr/local/hadoop/bin/../lib/commons-logging-1.1.1.jar:/usr/local/hadoop/bin/../lib/commons-logging-api-1.1.jar:/usr/local/hadoop/bin/../lib/commons-net-1.4.1.jar:/usr/local/hadoop/bin/../lib/core-3.1.1.jar:/usr/local/hadoop/bin/../lib/ftplet-api-1.0.0.jar:/usr/local/hadoop/bin/../lib/ftpserver-core-1.0.0.jar:/usr/local/hadoop/bin/../lib/ftpserver-deprecated-1.0.0-M2.jar:/usr/local/hadoop/bin/../lib/hsqldb-1.8.0.10.jar:/usr/local/hadoop/bin/../lib/jackson-core-asl-1.4.2.jar:/usr/local/hadoop/bin/../lib/jackson-mapper-asl-1.4.2.jar:/usr/local/hadoop/bin/../lib/jasper-compiler-5.5.12.jar:/usr/local/hadoop/bin/../lib/jasper-runtime-5.5.12.jar:/usr/local/hadoop/bin/../lib/jdiff-1.0.9.jar:/usr/local/hadoop/bin/../lib/jets3t-0.7.1.jar:/usr/local/hadoop/bin/../lib/jetty-6.1.14.jar:/usr/local/hadoop/bin/../lib/jetty-util-6.1.14.jar:/usr/local/hadoop/bin/../lib/jsp-2.1-6.1.14.jar:/usr/local/hadoop/bin/../lib/jsp-api-2.1-6.1.14.jar:/usr/local/hadoop/bin/../lib/junit-4.8.1.jar:/usr/local/hadoop/bin/../lib/kfs-0.3.jar:/usr/local/hadoop/bin/../lib/log4j-1.2.15.jar:/usr/local/hadoop/bin/../lib/mina-core-2.0.0-M5.jar:/usr/local/hadoop/bin/../lib/mockito-all-1.8.2.jar:/usr/local/hadoop/bin/../lib/oro-2.0.8.jar:/usr/local/hadoop/bin/../lib/paranamer-2.2.jar:/usr/local/hadoop/bin/../lib/paranamer-ant-2.2.jar:/usr/local/hadoop/bin/../lib/paranamer-generator-2.2.jar:/usr/local/hadoop/bin/../lib/qdox-1.10.1.jar:/usr/local/hadoop/bin/../lib/servlet-api-2.5-6.1.14.jar:/usr/local/hadoop/bin/../lib/slf4j-api-1.5.11.jar:/usr/local/hadoop/bin/../lib/slf4j-log4j12-1.5.11.jar:/usr/local/hadoop/bin/../lib/xmlenc-0.52.jar
STARTUP_MSG:   build = https://svn.apache.org/repos/asf/hadoop/common/branches/branch-0.21 -r 985326; compiled by 'tomwhite' on Tue Aug 17 01:02:28 EDT 2010
************************************************************/
2016-09-21 00:33:18,552 INFO org.apache.hadoop.security.Groups: Group mapping impl=org.apache.hadoop.security.ShellBasedUnixGroupsMapping; cacheTimeout=300000
2016-09-21 00:33:18,554 INFO org.apache.hadoop.metrics.jvm.JvmMetrics: Initializing JVM Metrics with processName=SecondaryNameNode, sessionId=null
2016-09-21 00:33:18,556 ERROR org.apache.hadoop.metrics.MetricsUtil: Unable to create metrics context jvm
java.lang.ClassNotFoundException: org.apache.hadoop.metrics.ganglia.GangliaContext31
	at java.net.URLClassLoader.findClass(URLClassLoader.java:381)
	at java.lang.ClassLoader.loadClass(ClassLoader.java:424)
	at sun.misc.Launcher$AppClassLoader.loadClass(Launcher.java:331)
	at java.lang.ClassLoader.loadClass(ClassLoader.java:357)
	at java.lang.Class.forName0(Native Method)
	at java.lang.Class.forName(Class.java:264)
	at org.apache.hadoop.metrics.ContextFactory.getContext(ContextFactory.java:139)
	at org.apache.hadoop.metrics.MetricsUtil.getContext(MetricsUtil.java:60)
	at org.apache.hadoop.metrics.MetricsUtil.getContext(MetricsUtil.java:49)
	at org.apache.hadoop.metrics.jvm.JvmMetrics.<init>(JvmMetrics.java:86)
	at org.apache.hadoop.metrics.jvm.JvmMetrics.init(JvmMetrics.java:78)
	at org.apache.hadoop.metrics.jvm.JvmMetrics.init(JvmMetrics.java:65)
	at org.apache.hadoop.hdfs.server.namenode.SecondaryNameNode.initialize(SecondaryNameNode.java:131)
	at org.apache.hadoop.hdfs.server.namenode.SecondaryNameNode.<init>(SecondaryNameNode.java:119)
	at org.apache.hadoop.hdfs.server.namenode.SecondaryNameNode.main(SecondaryNameNode.java:481)
2016-09-21 00:33:18,704 INFO org.mortbay.log: Logging to org.slf4j.impl.Log4jLoggerAdapter(org.mortbay.log) via org.mortbay.log.Slf4jLog
2016-09-21 00:33:18,726 INFO org.apache.hadoop.http.HttpServer: Added global filtersafety (class=org.apache.hadoop.http.HttpServer$QuotingInputFilter)
2016-09-21 00:33:18,727 INFO org.apache.hadoop.http.HttpServer: Port returned by webServer.getConnectors()[0].getLocalPort() before open() is -1. Opening the listener on 50090
2016-09-21 00:33:18,728 INFO org.apache.hadoop.http.HttpServer: listener.getLocalPort() returned 50090 webServer.getConnectors()[0].getLocalPort() returned 50090
2016-09-21 00:33:18,728 INFO org.apache.hadoop.http.HttpServer: Jetty bound to port 50090
2016-09-21 00:33:18,728 INFO org.mortbay.log: jetty-6.1.14
2016-09-21 00:33:18,852 INFO org.mortbay.log: Started SelectChannelConnector@0.0.0.0:50090
2016-09-21 00:33:18,852 INFO org.apache.hadoop.hdfs.server.namenode.SecondaryNameNode: Secondary Web-server up at: 0.0.0.0:50090
2016-09-21 00:33:18,852 WARN org.apache.hadoop.hdfs.server.namenode.SecondaryNameNode: Checkpoint Period   :3600 secs (60 min)
2016-09-21 00:33:18,852 WARN org.apache.hadoop.hdfs.server.namenode.SecondaryNameNode: Log Size Trigger    :67108864 bytes (65536 KB)
2016-09-21 00:38:18,968 INFO org.apache.hadoop.hdfs.server.namenode.SecondaryNameNode: Downloaded file fsimage size 148674 bytes.
2016-09-21 00:38:18,969 INFO org.apache.hadoop.hdfs.server.namenode.SecondaryNameNode: Downloaded file edits size 6444 bytes.
2016-09-21 00:38:18,976 INFO org.apache.hadoop.hdfs.server.namenode.FSNamesystem: defaultReplication = 3
2016-09-21 00:38:18,976 INFO org.apache.hadoop.hdfs.server.namenode.FSNamesystem: maxReplication = 512
2016-09-21 00:38:18,976 INFO org.apache.hadoop.hdfs.server.namenode.FSNamesystem: minReplication = 1
2016-09-21 00:38:18,976 INFO org.apache.hadoop.hdfs.server.namenode.FSNamesystem: maxReplicationStreams = 2
2016-09-21 00:38:18,976 INFO org.apache.hadoop.hdfs.server.namenode.FSNamesystem: shouldCheckForEnoughRacks = false
2016-09-21 00:38:18,976 INFO org.apache.hadoop.hdfs.server.namenode.FSNamesystem: fsOwner=hduser
2016-09-21 00:38:18,976 INFO org.apache.hadoop.hdfs.server.namenode.FSNamesystem: supergroup=supergroup
2016-09-21 00:38:18,976 INFO org.apache.hadoop.hdfs.server.namenode.FSNamesystem: isPermissionEnabled=true
2016-09-21 00:38:18,977 INFO org.apache.hadoop.hdfs.server.namenode.FSNamesystem: isAccessTokenEnabled=false accessKeyUpdateInterval=0 min(s), accessTokenLifetime=0 min(s)
2016-09-21 00:38:18,996 INFO org.apache.hadoop.hdfs.server.common.Storage: Number of files = 721
2016-09-21 00:38:19,016 INFO org.apache.hadoop.hdfs.server.common.Storage: Number of files under construction = 0
2016-09-21 00:38:19,020 INFO org.apache.hadoop.hdfs.server.common.Storage: Edits file /usr/local/hadoop_tmp/hdfs/hadoopdata/dfs/namesecondary/current/edits of size 6444 edits # 61 loaded in 0 seconds.
2016-09-21 00:38:19,021 INFO org.apache.hadoop.hdfs.server.namenode.FSNamesystem: Number of transactions: 0 Total time for transactions(ms): 0Number of transactions batched in Syncs: 0 Number of syncs: 0 SyncTimes(ms): 0 
2016-09-21 00:38:19,552 INFO org.apache.hadoop.hdfs.server.common.Storage: Image file of size 150042 saved in 0 seconds.
2016-09-21 00:38:19,879 INFO org.apache.hadoop.hdfs.server.common.Storage: Image file of size 150042 saved in 0 seconds.
2016-09-21 00:38:20,245 INFO org.apache.hadoop.hdfs.server.namenode.SecondaryNameNode: Posted URL master:50070putimage=1&port=50090&machine=10.129.40.100&token=-24:1368787595:0:1474398498000:1474398195904
2016-09-21 00:38:20,689 WARN org.apache.hadoop.hdfs.server.namenode.SecondaryNameNode: Checkpoint done. New Image Size: 150042
2016-09-21 01:07:23,548 INFO org.apache.hadoop.hdfs.server.namenode.SecondaryNameNode: SHUTDOWN_MSG: 
/************************************************************
SHUTDOWN_MSG: Shutting down SecondaryNameNode at master/10.129.40.100
************************************************************/
2016-09-21 01:07:27,283 INFO org.apache.hadoop.hdfs.server.namenode.SecondaryNameNode: STARTUP_MSG: 
/************************************************************
STARTUP_MSG: Starting SecondaryNameNode
STARTUP_MSG:   host = master/10.129.40.100
STARTUP_MSG:   args = []
STARTUP_MSG:   version = 0.21.0
STARTUP_MSG:   classpath = /usr/local/hadoop/bin/../conf:/usr/lib/jvm/java-8-openjdk-amd64/lib/tools.jar:/usr/local/hadoop/bin/..:/usr/local/hadoop/bin/../hadoop-common-0.21.0.jar:/usr/local/hadoop/bin/../hadoop-common-test-0.21.0.jar:/usr/local/hadoop/bin/../hadoop-hdfs-0.21.0.jar:/usr/local/hadoop/bin/../hadoop-hdfs-0.21.0-sources.jar:/usr/local/hadoop/bin/../hadoop-hdfs-ant-0.21.0.jar:/usr/local/hadoop/bin/../hadoop-hdfs-test-0.21.0.jar:/usr/local/hadoop/bin/../hadoop-hdfs-test-0.21.0-sources.jar:/usr/local/hadoop/bin/../hadoop-mapred-0.21.0.jar:/usr/local/hadoop/bin/../hadoop-mapred-0.21.0-sources.jar:/usr/local/hadoop/bin/../hadoop-mapred-examples-0.21.0.jar:/usr/local/hadoop/bin/../hadoop-mapred-test-0.21.0.jar:/usr/local/hadoop/bin/../hadoop-mapred-tools-0.21.0.jar:/usr/local/hadoop/bin/../lib/ant-1.6.5.jar:/usr/local/hadoop/bin/../lib/asm-3.2.jar:/usr/local/hadoop/bin/../lib/aspectjrt-1.6.5.jar:/usr/local/hadoop/bin/../lib/aspectjtools-1.6.5.jar:/usr/local/hadoop/bin/../lib/avro-1.3.2.jar:/usr/local/hadoop/bin/../lib/commons-cli-1.2.jar:/usr/local/hadoop/bin/../lib/commons-codec-1.4.jar:/usr/local/hadoop/bin/../lib/commons-el-1.0.jar:/usr/local/hadoop/bin/../lib/commons-httpclient-3.1.jar:/usr/local/hadoop/bin/../lib/commons-lang-2.5.jar:/usr/local/hadoop/bin/../lib/commons-logging-1.1.1.jar:/usr/local/hadoop/bin/../lib/commons-logging-api-1.1.jar:/usr/local/hadoop/bin/../lib/commons-net-1.4.1.jar:/usr/local/hadoop/bin/../lib/core-3.1.1.jar:/usr/local/hadoop/bin/../lib/ftplet-api-1.0.0.jar:/usr/local/hadoop/bin/../lib/ftpserver-core-1.0.0.jar:/usr/local/hadoop/bin/../lib/ftpserver-deprecated-1.0.0-M2.jar:/usr/local/hadoop/bin/../lib/hsqldb-1.8.0.10.jar:/usr/local/hadoop/bin/../lib/jackson-core-asl-1.4.2.jar:/usr/local/hadoop/bin/../lib/jackson-mapper-asl-1.4.2.jar:/usr/local/hadoop/bin/../lib/jasper-compiler-5.5.12.jar:/usr/local/hadoop/bin/../lib/jasper-runtime-5.5.12.jar:/usr/local/hadoop/bin/../lib/jdiff-1.0.9.jar:/usr/local/hadoop/bin/../lib/jets3t-0.7.1.jar:/usr/local/hadoop/bin/../lib/jetty-6.1.14.jar:/usr/local/hadoop/bin/../lib/jetty-util-6.1.14.jar:/usr/local/hadoop/bin/../lib/jsp-2.1-6.1.14.jar:/usr/local/hadoop/bin/../lib/jsp-api-2.1-6.1.14.jar:/usr/local/hadoop/bin/../lib/junit-4.8.1.jar:/usr/local/hadoop/bin/../lib/kfs-0.3.jar:/usr/local/hadoop/bin/../lib/log4j-1.2.15.jar:/usr/local/hadoop/bin/../lib/mina-core-2.0.0-M5.jar:/usr/local/hadoop/bin/../lib/mockito-all-1.8.2.jar:/usr/local/hadoop/bin/../lib/oro-2.0.8.jar:/usr/local/hadoop/bin/../lib/paranamer-2.2.jar:/usr/local/hadoop/bin/../lib/paranamer-ant-2.2.jar:/usr/local/hadoop/bin/../lib/paranamer-generator-2.2.jar:/usr/local/hadoop/bin/../lib/qdox-1.10.1.jar:/usr/local/hadoop/bin/../lib/servlet-api-2.5-6.1.14.jar:/usr/local/hadoop/bin/../lib/slf4j-api-1.5.11.jar:/usr/local/hadoop/bin/../lib/slf4j-log4j12-1.5.11.jar:/usr/local/hadoop/bin/../lib/xmlenc-0.52.jar:/usr/local/hadoop/bin/../lib/jsp-2.1/*.jar:/usr/local/hadoop/bin/..:/usr/local/hadoop/bin/../conf:/usr/local/hadoop/bin/../hadoop-hdfs-0.21.0.jar:/usr/local/hadoop/bin/../hadoop-hdfs-0.21.0-sources.jar:/usr/local/hadoop/bin/../hadoop-hdfs-ant-0.21.0.jar:/usr/local/hadoop/bin/../hadoop-hdfs-test-0.21.0.jar:/usr/local/hadoop/bin/../hadoop-hdfs-test-0.21.0-sources.jar:/usr/local/hadoop/bin/../lib/ant-1.6.5.jar:/usr/local/hadoop/bin/../lib/asm-3.2.jar:/usr/local/hadoop/bin/../lib/aspectjrt-1.6.5.jar:/usr/local/hadoop/bin/../lib/aspectjtools-1.6.5.jar:/usr/local/hadoop/bin/../lib/avro-1.3.2.jar:/usr/local/hadoop/bin/../lib/commons-cli-1.2.jar:/usr/local/hadoop/bin/../lib/commons-codec-1.4.jar:/usr/local/hadoop/bin/../lib/commons-el-1.0.jar:/usr/local/hadoop/bin/../lib/commons-httpclient-3.1.jar:/usr/local/hadoop/bin/../lib/commons-lang-2.5.jar:/usr/local/hadoop/bin/../lib/commons-logging-1.1.1.jar:/usr/local/hadoop/bin/../lib/commons-logging-api-1.1.jar:/usr/local/hadoop/bin/../lib/commons-net-1.4.1.jar:/usr/local/hadoop/bin/../lib/core-3.1.1.jar:/usr/local/hadoop/bin/../lib/ftplet-api-1.0.0.jar:/usr/local/hadoop/bin/../lib/ftpserver-core-1.0.0.jar:/usr/local/hadoop/bin/../lib/ftpserver-deprecated-1.0.0-M2.jar:/usr/local/hadoop/bin/../lib/hsqldb-1.8.0.10.jar:/usr/local/hadoop/bin/../lib/jackson-core-asl-1.4.2.jar:/usr/local/hadoop/bin/../lib/jackson-mapper-asl-1.4.2.jar:/usr/local/hadoop/bin/../lib/jasper-compiler-5.5.12.jar:/usr/local/hadoop/bin/../lib/jasper-runtime-5.5.12.jar:/usr/local/hadoop/bin/../lib/jdiff-1.0.9.jar:/usr/local/hadoop/bin/../lib/jets3t-0.7.1.jar:/usr/local/hadoop/bin/../lib/jetty-6.1.14.jar:/usr/local/hadoop/bin/../lib/jetty-util-6.1.14.jar:/usr/local/hadoop/bin/../lib/jsp-2.1-6.1.14.jar:/usr/local/hadoop/bin/../lib/jsp-api-2.1-6.1.14.jar:/usr/local/hadoop/bin/../lib/junit-4.8.1.jar:/usr/local/hadoop/bin/../lib/kfs-0.3.jar:/usr/local/hadoop/bin/../lib/log4j-1.2.15.jar:/usr/local/hadoop/bin/../lib/mina-core-2.0.0-M5.jar:/usr/local/hadoop/bin/../lib/mockito-all-1.8.2.jar:/usr/local/hadoop/bin/../lib/oro-2.0.8.jar:/usr/local/hadoop/bin/../lib/paranamer-2.2.jar:/usr/local/hadoop/bin/../lib/paranamer-ant-2.2.jar:/usr/local/hadoop/bin/../lib/paranamer-generator-2.2.jar:/usr/local/hadoop/bin/../lib/qdox-1.10.1.jar:/usr/local/hadoop/bin/../lib/servlet-api-2.5-6.1.14.jar:/usr/local/hadoop/bin/../lib/slf4j-api-1.5.11.jar:/usr/local/hadoop/bin/../lib/slf4j-log4j12-1.5.11.jar:/usr/local/hadoop/bin/../lib/xmlenc-0.52.jar:/usr/local/hadoop/bin/../mapred/conf:/usr/local/hadoop/bin/../mapred/hadoop-mapred-*.jar:/usr/local/hadoop/bin/../mapred/lib/*.jar:/usr/local/hadoop/bin/..:/usr/local/hadoop/bin/../hadoop-hdfs-0.21.0.jar:/usr/local/hadoop/bin/../hadoop-hdfs-0.21.0-sources.jar:/usr/local/hadoop/bin/../hadoop-hdfs-ant-0.21.0.jar:/usr/local/hadoop/bin/../hadoop-hdfs-test-0.21.0.jar:/usr/local/hadoop/bin/../hadoop-hdfs-test-0.21.0-sources.jar:/usr/local/hadoop/bin/../lib/ant-1.6.5.jar:/usr/local/hadoop/bin/../lib/asm-3.2.jar:/usr/local/hadoop/bin/../lib/aspectjrt-1.6.5.jar:/usr/local/hadoop/bin/../lib/aspectjtools-1.6.5.jar:/usr/local/hadoop/bin/../lib/avro-1.3.2.jar:/usr/local/hadoop/bin/../lib/commons-cli-1.2.jar:/usr/local/hadoop/bin/../lib/commons-codec-1.4.jar:/usr/local/hadoop/bin/../lib/commons-el-1.0.jar:/usr/local/hadoop/bin/../lib/commons-httpclient-3.1.jar:/usr/local/hadoop/bin/../lib/commons-lang-2.5.jar:/usr/local/hadoop/bin/../lib/commons-logging-1.1.1.jar:/usr/local/hadoop/bin/../lib/commons-logging-api-1.1.jar:/usr/local/hadoop/bin/../lib/commons-net-1.4.1.jar:/usr/local/hadoop/bin/../lib/core-3.1.1.jar:/usr/local/hadoop/bin/../lib/ftplet-api-1.0.0.jar:/usr/local/hadoop/bin/../lib/ftpserver-core-1.0.0.jar:/usr/local/hadoop/bin/../lib/ftpserver-deprecated-1.0.0-M2.jar:/usr/local/hadoop/bin/../lib/hsqldb-1.8.0.10.jar:/usr/local/hadoop/bin/../lib/jackson-core-asl-1.4.2.jar:/usr/local/hadoop/bin/../lib/jackson-mapper-asl-1.4.2.jar:/usr/local/hadoop/bin/../lib/jasper-compiler-5.5.12.jar:/usr/local/hadoop/bin/../lib/jasper-runtime-5.5.12.jar:/usr/local/hadoop/bin/../lib/jdiff-1.0.9.jar:/usr/local/hadoop/bin/../lib/jets3t-0.7.1.jar:/usr/local/hadoop/bin/../lib/jetty-6.1.14.jar:/usr/local/hadoop/bin/../lib/jetty-util-6.1.14.jar:/usr/local/hadoop/bin/../lib/jsp-2.1-6.1.14.jar:/usr/local/hadoop/bin/../lib/jsp-api-2.1-6.1.14.jar:/usr/local/hadoop/bin/../lib/junit-4.8.1.jar:/usr/local/hadoop/bin/../lib/kfs-0.3.jar:/usr/local/hadoop/bin/../lib/log4j-1.2.15.jar:/usr/local/hadoop/bin/../lib/mina-core-2.0.0-M5.jar:/usr/local/hadoop/bin/../lib/mockito-all-1.8.2.jar:/usr/local/hadoop/bin/../lib/oro-2.0.8.jar:/usr/local/hadoop/bin/../lib/paranamer-2.2.jar:/usr/local/hadoop/bin/../lib/paranamer-ant-2.2.jar:/usr/local/hadoop/bin/../lib/paranamer-generator-2.2.jar:/usr/local/hadoop/bin/../lib/qdox-1.10.1.jar:/usr/local/hadoop/bin/../lib/servlet-api-2.5-6.1.14.jar:/usr/local/hadoop/bin/../lib/slf4j-api-1.5.11.jar:/usr/local/hadoop/bin/../lib/slf4j-log4j12-1.5.11.jar:/usr/local/hadoop/bin/../lib/xmlenc-0.52.jar
STARTUP_MSG:   build = https://svn.apache.org/repos/asf/hadoop/common/branches/branch-0.21 -r 985326; compiled by 'tomwhite' on Tue Aug 17 01:02:28 EDT 2010
************************************************************/
2016-09-21 01:07:27,346 INFO org.apache.hadoop.security.Groups: Group mapping impl=org.apache.hadoop.security.ShellBasedUnixGroupsMapping; cacheTimeout=300000
2016-09-21 01:07:27,348 INFO org.apache.hadoop.metrics.jvm.JvmMetrics: Initializing JVM Metrics with processName=SecondaryNameNode, sessionId=null
2016-09-21 01:07:27,350 ERROR org.apache.hadoop.metrics.MetricsUtil: Unable to create metrics context jvm
java.lang.ClassNotFoundException: org.apache.hadoop.metrics.ganglia.GangliaContext31
	at java.net.URLClassLoader.findClass(URLClassLoader.java:381)
	at java.lang.ClassLoader.loadClass(ClassLoader.java:424)
	at sun.misc.Launcher$AppClassLoader.loadClass(Launcher.java:331)
	at java.lang.ClassLoader.loadClass(ClassLoader.java:357)
	at java.lang.Class.forName0(Native Method)
	at java.lang.Class.forName(Class.java:264)
	at org.apache.hadoop.metrics.ContextFactory.getContext(ContextFactory.java:139)
	at org.apache.hadoop.metrics.MetricsUtil.getContext(MetricsUtil.java:60)
	at org.apache.hadoop.metrics.MetricsUtil.getContext(MetricsUtil.java:49)
	at org.apache.hadoop.metrics.jvm.JvmMetrics.<init>(JvmMetrics.java:86)
	at org.apache.hadoop.metrics.jvm.JvmMetrics.init(JvmMetrics.java:78)
	at org.apache.hadoop.metrics.jvm.JvmMetrics.init(JvmMetrics.java:65)
	at org.apache.hadoop.hdfs.server.namenode.SecondaryNameNode.initialize(SecondaryNameNode.java:131)
	at org.apache.hadoop.hdfs.server.namenode.SecondaryNameNode.<init>(SecondaryNameNode.java:119)
	at org.apache.hadoop.hdfs.server.namenode.SecondaryNameNode.main(SecondaryNameNode.java:481)
2016-09-21 01:07:27,498 INFO org.mortbay.log: Logging to org.slf4j.impl.Log4jLoggerAdapter(org.mortbay.log) via org.mortbay.log.Slf4jLog
2016-09-21 01:07:27,520 INFO org.apache.hadoop.http.HttpServer: Added global filtersafety (class=org.apache.hadoop.http.HttpServer$QuotingInputFilter)
2016-09-21 01:07:27,522 INFO org.apache.hadoop.http.HttpServer: Port returned by webServer.getConnectors()[0].getLocalPort() before open() is -1. Opening the listener on 50090
2016-09-21 01:07:27,522 INFO org.apache.hadoop.http.HttpServer: listener.getLocalPort() returned 50090 webServer.getConnectors()[0].getLocalPort() returned 50090
2016-09-21 01:07:27,522 INFO org.apache.hadoop.http.HttpServer: Jetty bound to port 50090
2016-09-21 01:07:27,522 INFO org.mortbay.log: jetty-6.1.14
2016-09-21 01:07:27,642 INFO org.mortbay.log: Started SelectChannelConnector@0.0.0.0:50090
2016-09-21 01:07:27,642 INFO org.apache.hadoop.hdfs.server.namenode.SecondaryNameNode: Secondary Web-server up at: 0.0.0.0:50090
2016-09-21 01:07:27,643 WARN org.apache.hadoop.hdfs.server.namenode.SecondaryNameNode: Checkpoint Period   :3600 secs (60 min)
2016-09-21 01:07:27,643 WARN org.apache.hadoop.hdfs.server.namenode.SecondaryNameNode: Log Size Trigger    :67108864 bytes (65536 KB)
2016-09-21 01:12:27,808 INFO org.apache.hadoop.hdfs.server.namenode.SecondaryNameNode: Downloaded file fsimage size 148551 bytes.
2016-09-21 01:12:27,822 INFO org.apache.hadoop.hdfs.server.namenode.SecondaryNameNode: Downloaded file edits size 6452 bytes.
2016-09-21 01:12:27,828 INFO org.apache.hadoop.hdfs.server.namenode.FSNamesystem: defaultReplication = 3
2016-09-21 01:12:27,828 INFO org.apache.hadoop.hdfs.server.namenode.FSNamesystem: maxReplication = 512
2016-09-21 01:12:27,828 INFO org.apache.hadoop.hdfs.server.namenode.FSNamesystem: minReplication = 1
2016-09-21 01:12:27,828 INFO org.apache.hadoop.hdfs.server.namenode.FSNamesystem: maxReplicationStreams = 2
2016-09-21 01:12:27,828 INFO org.apache.hadoop.hdfs.server.namenode.FSNamesystem: shouldCheckForEnoughRacks = false
2016-09-21 01:12:27,828 INFO org.apache.hadoop.hdfs.server.namenode.FSNamesystem: fsOwner=hduser
2016-09-21 01:12:27,828 INFO org.apache.hadoop.hdfs.server.namenode.FSNamesystem: supergroup=supergroup
2016-09-21 01:12:27,829 INFO org.apache.hadoop.hdfs.server.namenode.FSNamesystem: isPermissionEnabled=true
2016-09-21 01:12:27,829 INFO org.apache.hadoop.hdfs.server.namenode.FSNamesystem: isAccessTokenEnabled=false accessKeyUpdateInterval=0 min(s), accessTokenLifetime=0 min(s)
2016-09-21 01:12:27,849 INFO org.apache.hadoop.hdfs.server.common.Storage: Number of files = 720
2016-09-21 01:12:27,869 INFO org.apache.hadoop.hdfs.server.common.Storage: Number of files under construction = 0
2016-09-21 01:12:27,873 INFO org.apache.hadoop.hdfs.server.common.Storage: Edits file /usr/local/hadoop_tmp/hdfs/hadoopdata/dfs/namesecondary/current/edits of size 6452 edits # 61 loaded in 0 seconds.
2016-09-21 01:12:27,874 INFO org.apache.hadoop.hdfs.server.namenode.FSNamesystem: Number of transactions: 0 Total time for transactions(ms): 0Number of transactions batched in Syncs: 0 Number of syncs: 0 SyncTimes(ms): 0 
2016-09-21 01:12:27,924 INFO org.apache.hadoop.hdfs.server.common.Storage: Image file of size 149919 saved in 0 seconds.
2016-09-21 01:12:28,270 INFO org.apache.hadoop.hdfs.server.common.Storage: Image file of size 149919 saved in 0 seconds.
2016-09-21 01:12:28,611 INFO org.apache.hadoop.hdfs.server.namenode.SecondaryNameNode: Posted URL master:50070putimage=1&port=50090&machine=10.129.40.100&token=-24:1368787595:0:1474400547000:1474400244630
2016-09-21 01:12:29,063 WARN org.apache.hadoop.hdfs.server.namenode.SecondaryNameNode: Checkpoint done. New Image Size: 149919
2016-09-21 01:47:43,980 INFO org.apache.hadoop.hdfs.server.namenode.SecondaryNameNode: SHUTDOWN_MSG: 
/************************************************************
SHUTDOWN_MSG: Shutting down SecondaryNameNode at master/10.129.40.100
************************************************************/
2016-09-21 01:47:47,746 INFO org.apache.hadoop.hdfs.server.namenode.SecondaryNameNode: STARTUP_MSG: 
/************************************************************
STARTUP_MSG: Starting SecondaryNameNode
STARTUP_MSG:   host = master/10.129.40.100
STARTUP_MSG:   args = []
STARTUP_MSG:   version = 0.21.0
STARTUP_MSG:   classpath = /usr/local/hadoop/bin/../conf:/usr/lib/jvm/java-8-openjdk-amd64/lib/tools.jar:/usr/local/hadoop/bin/..:/usr/local/hadoop/bin/../hadoop-common-0.21.0.jar:/usr/local/hadoop/bin/../hadoop-common-test-0.21.0.jar:/usr/local/hadoop/bin/../hadoop-hdfs-0.21.0.jar:/usr/local/hadoop/bin/../hadoop-hdfs-0.21.0-sources.jar:/usr/local/hadoop/bin/../hadoop-hdfs-ant-0.21.0.jar:/usr/local/hadoop/bin/../hadoop-hdfs-test-0.21.0.jar:/usr/local/hadoop/bin/../hadoop-hdfs-test-0.21.0-sources.jar:/usr/local/hadoop/bin/../hadoop-mapred-0.21.0.jar:/usr/local/hadoop/bin/../hadoop-mapred-0.21.0-sources.jar:/usr/local/hadoop/bin/../hadoop-mapred-examples-0.21.0.jar:/usr/local/hadoop/bin/../hadoop-mapred-test-0.21.0.jar:/usr/local/hadoop/bin/../hadoop-mapred-tools-0.21.0.jar:/usr/local/hadoop/bin/../lib/ant-1.6.5.jar:/usr/local/hadoop/bin/../lib/asm-3.2.jar:/usr/local/hadoop/bin/../lib/aspectjrt-1.6.5.jar:/usr/local/hadoop/bin/../lib/aspectjtools-1.6.5.jar:/usr/local/hadoop/bin/../lib/avro-1.3.2.jar:/usr/local/hadoop/bin/../lib/commons-cli-1.2.jar:/usr/local/hadoop/bin/../lib/commons-codec-1.4.jar:/usr/local/hadoop/bin/../lib/commons-el-1.0.jar:/usr/local/hadoop/bin/../lib/commons-httpclient-3.1.jar:/usr/local/hadoop/bin/../lib/commons-lang-2.5.jar:/usr/local/hadoop/bin/../lib/commons-logging-1.1.1.jar:/usr/local/hadoop/bin/../lib/commons-logging-api-1.1.jar:/usr/local/hadoop/bin/../lib/commons-net-1.4.1.jar:/usr/local/hadoop/bin/../lib/core-3.1.1.jar:/usr/local/hadoop/bin/../lib/ftplet-api-1.0.0.jar:/usr/local/hadoop/bin/../lib/ftpserver-core-1.0.0.jar:/usr/local/hadoop/bin/../lib/ftpserver-deprecated-1.0.0-M2.jar:/usr/local/hadoop/bin/../lib/hsqldb-1.8.0.10.jar:/usr/local/hadoop/bin/../lib/jackson-core-asl-1.4.2.jar:/usr/local/hadoop/bin/../lib/jackson-mapper-asl-1.4.2.jar:/usr/local/hadoop/bin/../lib/jasper-compiler-5.5.12.jar:/usr/local/hadoop/bin/../lib/jasper-runtime-5.5.12.jar:/usr/local/hadoop/bin/../lib/jdiff-1.0.9.jar:/usr/local/hadoop/bin/../lib/jets3t-0.7.1.jar:/usr/local/hadoop/bin/../lib/jetty-6.1.14.jar:/usr/local/hadoop/bin/../lib/jetty-util-6.1.14.jar:/usr/local/hadoop/bin/../lib/jsp-2.1-6.1.14.jar:/usr/local/hadoop/bin/../lib/jsp-api-2.1-6.1.14.jar:/usr/local/hadoop/bin/../lib/junit-4.8.1.jar:/usr/local/hadoop/bin/../lib/kfs-0.3.jar:/usr/local/hadoop/bin/../lib/log4j-1.2.15.jar:/usr/local/hadoop/bin/../lib/mina-core-2.0.0-M5.jar:/usr/local/hadoop/bin/../lib/mockito-all-1.8.2.jar:/usr/local/hadoop/bin/../lib/oro-2.0.8.jar:/usr/local/hadoop/bin/../lib/paranamer-2.2.jar:/usr/local/hadoop/bin/../lib/paranamer-ant-2.2.jar:/usr/local/hadoop/bin/../lib/paranamer-generator-2.2.jar:/usr/local/hadoop/bin/../lib/qdox-1.10.1.jar:/usr/local/hadoop/bin/../lib/servlet-api-2.5-6.1.14.jar:/usr/local/hadoop/bin/../lib/slf4j-api-1.5.11.jar:/usr/local/hadoop/bin/../lib/slf4j-log4j12-1.5.11.jar:/usr/local/hadoop/bin/../lib/xmlenc-0.52.jar:/usr/local/hadoop/bin/../lib/jsp-2.1/*.jar:/usr/local/hadoop/bin/..:/usr/local/hadoop/bin/../conf:/usr/local/hadoop/bin/../hadoop-hdfs-0.21.0.jar:/usr/local/hadoop/bin/../hadoop-hdfs-0.21.0-sources.jar:/usr/local/hadoop/bin/../hadoop-hdfs-ant-0.21.0.jar:/usr/local/hadoop/bin/../hadoop-hdfs-test-0.21.0.jar:/usr/local/hadoop/bin/../hadoop-hdfs-test-0.21.0-sources.jar:/usr/local/hadoop/bin/../lib/ant-1.6.5.jar:/usr/local/hadoop/bin/../lib/asm-3.2.jar:/usr/local/hadoop/bin/../lib/aspectjrt-1.6.5.jar:/usr/local/hadoop/bin/../lib/aspectjtools-1.6.5.jar:/usr/local/hadoop/bin/../lib/avro-1.3.2.jar:/usr/local/hadoop/bin/../lib/commons-cli-1.2.jar:/usr/local/hadoop/bin/../lib/commons-codec-1.4.jar:/usr/local/hadoop/bin/../lib/commons-el-1.0.jar:/usr/local/hadoop/bin/../lib/commons-httpclient-3.1.jar:/usr/local/hadoop/bin/../lib/commons-lang-2.5.jar:/usr/local/hadoop/bin/../lib/commons-logging-1.1.1.jar:/usr/local/hadoop/bin/../lib/commons-logging-api-1.1.jar:/usr/local/hadoop/bin/../lib/commons-net-1.4.1.jar:/usr/local/hadoop/bin/../lib/core-3.1.1.jar:/usr/local/hadoop/bin/../lib/ftplet-api-1.0.0.jar:/usr/local/hadoop/bin/../lib/ftpserver-core-1.0.0.jar:/usr/local/hadoop/bin/../lib/ftpserver-deprecated-1.0.0-M2.jar:/usr/local/hadoop/bin/../lib/hsqldb-1.8.0.10.jar:/usr/local/hadoop/bin/../lib/jackson-core-asl-1.4.2.jar:/usr/local/hadoop/bin/../lib/jackson-mapper-asl-1.4.2.jar:/usr/local/hadoop/bin/../lib/jasper-compiler-5.5.12.jar:/usr/local/hadoop/bin/../lib/jasper-runtime-5.5.12.jar:/usr/local/hadoop/bin/../lib/jdiff-1.0.9.jar:/usr/local/hadoop/bin/../lib/jets3t-0.7.1.jar:/usr/local/hadoop/bin/../lib/jetty-6.1.14.jar:/usr/local/hadoop/bin/../lib/jetty-util-6.1.14.jar:/usr/local/hadoop/bin/../lib/jsp-2.1-6.1.14.jar:/usr/local/hadoop/bin/../lib/jsp-api-2.1-6.1.14.jar:/usr/local/hadoop/bin/../lib/junit-4.8.1.jar:/usr/local/hadoop/bin/../lib/kfs-0.3.jar:/usr/local/hadoop/bin/../lib/log4j-1.2.15.jar:/usr/local/hadoop/bin/../lib/mina-core-2.0.0-M5.jar:/usr/local/hadoop/bin/../lib/mockito-all-1.8.2.jar:/usr/local/hadoop/bin/../lib/oro-2.0.8.jar:/usr/local/hadoop/bin/../lib/paranamer-2.2.jar:/usr/local/hadoop/bin/../lib/paranamer-ant-2.2.jar:/usr/local/hadoop/bin/../lib/paranamer-generator-2.2.jar:/usr/local/hadoop/bin/../lib/qdox-1.10.1.jar:/usr/local/hadoop/bin/../lib/servlet-api-2.5-6.1.14.jar:/usr/local/hadoop/bin/../lib/slf4j-api-1.5.11.jar:/usr/local/hadoop/bin/../lib/slf4j-log4j12-1.5.11.jar:/usr/local/hadoop/bin/../lib/xmlenc-0.52.jar:/usr/local/hadoop/bin/../mapred/conf:/usr/local/hadoop/bin/../mapred/hadoop-mapred-*.jar:/usr/local/hadoop/bin/../mapred/lib/*.jar:/usr/local/hadoop/bin/..:/usr/local/hadoop/bin/../hadoop-hdfs-0.21.0.jar:/usr/local/hadoop/bin/../hadoop-hdfs-0.21.0-sources.jar:/usr/local/hadoop/bin/../hadoop-hdfs-ant-0.21.0.jar:/usr/local/hadoop/bin/../hadoop-hdfs-test-0.21.0.jar:/usr/local/hadoop/bin/../hadoop-hdfs-test-0.21.0-sources.jar:/usr/local/hadoop/bin/../lib/ant-1.6.5.jar:/usr/local/hadoop/bin/../lib/asm-3.2.jar:/usr/local/hadoop/bin/../lib/aspectjrt-1.6.5.jar:/usr/local/hadoop/bin/../lib/aspectjtools-1.6.5.jar:/usr/local/hadoop/bin/../lib/avro-1.3.2.jar:/usr/local/hadoop/bin/../lib/commons-cli-1.2.jar:/usr/local/hadoop/bin/../lib/commons-codec-1.4.jar:/usr/local/hadoop/bin/../lib/commons-el-1.0.jar:/usr/local/hadoop/bin/../lib/commons-httpclient-3.1.jar:/usr/local/hadoop/bin/../lib/commons-lang-2.5.jar:/usr/local/hadoop/bin/../lib/commons-logging-1.1.1.jar:/usr/local/hadoop/bin/../lib/commons-logging-api-1.1.jar:/usr/local/hadoop/bin/../lib/commons-net-1.4.1.jar:/usr/local/hadoop/bin/../lib/core-3.1.1.jar:/usr/local/hadoop/bin/../lib/ftplet-api-1.0.0.jar:/usr/local/hadoop/bin/../lib/ftpserver-core-1.0.0.jar:/usr/local/hadoop/bin/../lib/ftpserver-deprecated-1.0.0-M2.jar:/usr/local/hadoop/bin/../lib/hsqldb-1.8.0.10.jar:/usr/local/hadoop/bin/../lib/jackson-core-asl-1.4.2.jar:/usr/local/hadoop/bin/../lib/jackson-mapper-asl-1.4.2.jar:/usr/local/hadoop/bin/../lib/jasper-compiler-5.5.12.jar:/usr/local/hadoop/bin/../lib/jasper-runtime-5.5.12.jar:/usr/local/hadoop/bin/../lib/jdiff-1.0.9.jar:/usr/local/hadoop/bin/../lib/jets3t-0.7.1.jar:/usr/local/hadoop/bin/../lib/jetty-6.1.14.jar:/usr/local/hadoop/bin/../lib/jetty-util-6.1.14.jar:/usr/local/hadoop/bin/../lib/jsp-2.1-6.1.14.jar:/usr/local/hadoop/bin/../lib/jsp-api-2.1-6.1.14.jar:/usr/local/hadoop/bin/../lib/junit-4.8.1.jar:/usr/local/hadoop/bin/../lib/kfs-0.3.jar:/usr/local/hadoop/bin/../lib/log4j-1.2.15.jar:/usr/local/hadoop/bin/../lib/mina-core-2.0.0-M5.jar:/usr/local/hadoop/bin/../lib/mockito-all-1.8.2.jar:/usr/local/hadoop/bin/../lib/oro-2.0.8.jar:/usr/local/hadoop/bin/../lib/paranamer-2.2.jar:/usr/local/hadoop/bin/../lib/paranamer-ant-2.2.jar:/usr/local/hadoop/bin/../lib/paranamer-generator-2.2.jar:/usr/local/hadoop/bin/../lib/qdox-1.10.1.jar:/usr/local/hadoop/bin/../lib/servlet-api-2.5-6.1.14.jar:/usr/local/hadoop/bin/../lib/slf4j-api-1.5.11.jar:/usr/local/hadoop/bin/../lib/slf4j-log4j12-1.5.11.jar:/usr/local/hadoop/bin/../lib/xmlenc-0.52.jar
STARTUP_MSG:   build = https://svn.apache.org/repos/asf/hadoop/common/branches/branch-0.21 -r 985326; compiled by 'tomwhite' on Tue Aug 17 01:02:28 EDT 2010
************************************************************/
2016-09-21 01:47:47,809 INFO org.apache.hadoop.security.Groups: Group mapping impl=org.apache.hadoop.security.ShellBasedUnixGroupsMapping; cacheTimeout=300000
2016-09-21 01:47:47,811 INFO org.apache.hadoop.metrics.jvm.JvmMetrics: Initializing JVM Metrics with processName=SecondaryNameNode, sessionId=null
2016-09-21 01:47:47,813 ERROR org.apache.hadoop.metrics.MetricsUtil: Unable to create metrics context jvm
java.lang.ClassNotFoundException: org.apache.hadoop.metrics.ganglia.GangliaContext31
	at java.net.URLClassLoader.findClass(URLClassLoader.java:381)
	at java.lang.ClassLoader.loadClass(ClassLoader.java:424)
	at sun.misc.Launcher$AppClassLoader.loadClass(Launcher.java:331)
	at java.lang.ClassLoader.loadClass(ClassLoader.java:357)
	at java.lang.Class.forName0(Native Method)
	at java.lang.Class.forName(Class.java:264)
	at org.apache.hadoop.metrics.ContextFactory.getContext(ContextFactory.java:139)
	at org.apache.hadoop.metrics.MetricsUtil.getContext(MetricsUtil.java:60)
	at org.apache.hadoop.metrics.MetricsUtil.getContext(MetricsUtil.java:49)
	at org.apache.hadoop.metrics.jvm.JvmMetrics.<init>(JvmMetrics.java:86)
	at org.apache.hadoop.metrics.jvm.JvmMetrics.init(JvmMetrics.java:78)
	at org.apache.hadoop.metrics.jvm.JvmMetrics.init(JvmMetrics.java:65)
	at org.apache.hadoop.hdfs.server.namenode.SecondaryNameNode.initialize(SecondaryNameNode.java:131)
	at org.apache.hadoop.hdfs.server.namenode.SecondaryNameNode.<init>(SecondaryNameNode.java:119)
	at org.apache.hadoop.hdfs.server.namenode.SecondaryNameNode.main(SecondaryNameNode.java:481)
2016-09-21 01:47:47,961 INFO org.mortbay.log: Logging to org.slf4j.impl.Log4jLoggerAdapter(org.mortbay.log) via org.mortbay.log.Slf4jLog
2016-09-21 01:47:47,983 INFO org.apache.hadoop.http.HttpServer: Added global filtersafety (class=org.apache.hadoop.http.HttpServer$QuotingInputFilter)
2016-09-21 01:47:47,984 INFO org.apache.hadoop.http.HttpServer: Port returned by webServer.getConnectors()[0].getLocalPort() before open() is -1. Opening the listener on 50090
2016-09-21 01:47:47,985 INFO org.apache.hadoop.http.HttpServer: listener.getLocalPort() returned 50090 webServer.getConnectors()[0].getLocalPort() returned 50090
2016-09-21 01:47:47,985 INFO org.apache.hadoop.http.HttpServer: Jetty bound to port 50090
2016-09-21 01:47:47,985 INFO org.mortbay.log: jetty-6.1.14
2016-09-21 01:47:48,106 INFO org.mortbay.log: Started SelectChannelConnector@0.0.0.0:50090
2016-09-21 01:47:48,106 INFO org.apache.hadoop.hdfs.server.namenode.SecondaryNameNode: Secondary Web-server up at: 0.0.0.0:50090
2016-09-21 01:47:48,106 WARN org.apache.hadoop.hdfs.server.namenode.SecondaryNameNode: Checkpoint Period   :3600 secs (60 min)
2016-09-21 01:47:48,106 WARN org.apache.hadoop.hdfs.server.namenode.SecondaryNameNode: Log Size Trigger    :67108864 bytes (65536 KB)
2016-09-21 01:52:48,236 INFO org.apache.hadoop.hdfs.server.namenode.SecondaryNameNode: Downloaded file fsimage size 148428 bytes.
2016-09-21 01:52:48,237 INFO org.apache.hadoop.hdfs.server.namenode.SecondaryNameNode: Downloaded file edits size 6376 bytes.
2016-09-21 01:52:48,247 INFO org.apache.hadoop.hdfs.server.namenode.FSNamesystem: defaultReplication = 3
2016-09-21 01:52:48,247 INFO org.apache.hadoop.hdfs.server.namenode.FSNamesystem: maxReplication = 512
2016-09-21 01:52:48,247 INFO org.apache.hadoop.hdfs.server.namenode.FSNamesystem: minReplication = 1
2016-09-21 01:52:48,247 INFO org.apache.hadoop.hdfs.server.namenode.FSNamesystem: maxReplicationStreams = 2
2016-09-21 01:52:48,247 INFO org.apache.hadoop.hdfs.server.namenode.FSNamesystem: shouldCheckForEnoughRacks = false
2016-09-21 01:52:48,248 INFO org.apache.hadoop.hdfs.server.namenode.FSNamesystem: fsOwner=hduser
2016-09-21 01:52:48,248 INFO org.apache.hadoop.hdfs.server.namenode.FSNamesystem: supergroup=supergroup
2016-09-21 01:52:48,248 INFO org.apache.hadoop.hdfs.server.namenode.FSNamesystem: isPermissionEnabled=true
2016-09-21 01:52:48,249 INFO org.apache.hadoop.hdfs.server.namenode.FSNamesystem: isAccessTokenEnabled=false accessKeyUpdateInterval=0 min(s), accessTokenLifetime=0 min(s)
2016-09-21 01:52:48,268 INFO org.apache.hadoop.hdfs.server.common.Storage: Number of files = 719
2016-09-21 01:52:48,290 INFO org.apache.hadoop.hdfs.server.common.Storage: Number of files under construction = 0
2016-09-21 01:52:48,294 INFO org.apache.hadoop.hdfs.server.common.Storage: Edits file /usr/local/hadoop_tmp/hdfs/hadoopdata/dfs/namesecondary/current/edits of size 6376 edits # 60 loaded in 0 seconds.
2016-09-21 01:52:48,295 INFO org.apache.hadoop.hdfs.server.namenode.FSNamesystem: Number of transactions: 0 Total time for transactions(ms): 0Number of transactions batched in Syncs: 0 Number of syncs: 0 SyncTimes(ms): 0 
2016-09-21 01:52:48,345 INFO org.apache.hadoop.hdfs.server.common.Storage: Image file of size 149919 saved in 0 seconds.
2016-09-21 01:52:48,682 INFO org.apache.hadoop.hdfs.server.common.Storage: Image file of size 149919 saved in 0 seconds.
2016-09-21 01:52:49,040 INFO org.apache.hadoop.hdfs.server.namenode.SecondaryNameNode: Posted URL master:50070putimage=1&port=50090&machine=10.129.40.100&token=-24:1368787595:0:1474402968000:1474402665072
2016-09-21 01:52:49,491 WARN org.apache.hadoop.hdfs.server.namenode.SecondaryNameNode: Checkpoint done. New Image Size: 149919
