2016-07-20 17:35:48,820 INFO org.apache.hadoop.hdfs.server.namenode.SecondaryNameNode: STARTUP_MSG: 
/************************************************************
STARTUP_MSG: Starting SecondaryNameNode
STARTUP_MSG:   host = jayant-H97M-D3H/127.0.1.1
STARTUP_MSG:   args = []
STARTUP_MSG:   version = 0.21.0
STARTUP_MSG:   classpath = /usr/local/hadoop/bin/../conf:/usr/lib/jvm/java-8-openjdk-amd64/lib/tools.jar:/usr/local/hadoop/bin/..:/usr/local/hadoop/bin/../hadoop-common-0.21.0.jar:/usr/local/hadoop/bin/../hadoop-common-test-0.21.0.jar:/usr/local/hadoop/bin/../hadoop-hdfs-0.21.0.jar:/usr/local/hadoop/bin/../hadoop-hdfs-0.21.0-sources.jar:/usr/local/hadoop/bin/../hadoop-hdfs-ant-0.21.0.jar:/usr/local/hadoop/bin/../hadoop-hdfs-test-0.21.0.jar:/usr/local/hadoop/bin/../hadoop-hdfs-test-0.21.0-sources.jar:/usr/local/hadoop/bin/../hadoop-mapred-0.21.0.jar:/usr/local/hadoop/bin/../hadoop-mapred-0.21.0-sources.jar:/usr/local/hadoop/bin/../hadoop-mapred-examples-0.21.0.jar:/usr/local/hadoop/bin/../hadoop-mapred-test-0.21.0.jar:/usr/local/hadoop/bin/../hadoop-mapred-tools-0.21.0.jar:/usr/local/hadoop/bin/../lib/ant-1.6.5.jar:/usr/local/hadoop/bin/../lib/asm-3.2.jar:/usr/local/hadoop/bin/../lib/aspectjrt-1.6.5.jar:/usr/local/hadoop/bin/../lib/aspectjtools-1.6.5.jar:/usr/local/hadoop/bin/../lib/avro-1.3.2.jar:/usr/local/hadoop/bin/../lib/commons-cli-1.2.jar:/usr/local/hadoop/bin/../lib/commons-codec-1.4.jar:/usr/local/hadoop/bin/../lib/commons-el-1.0.jar:/usr/local/hadoop/bin/../lib/commons-httpclient-3.1.jar:/usr/local/hadoop/bin/../lib/commons-lang-2.5.jar:/usr/local/hadoop/bin/../lib/commons-logging-1.1.1.jar:/usr/local/hadoop/bin/../lib/commons-logging-api-1.1.jar:/usr/local/hadoop/bin/../lib/commons-net-1.4.1.jar:/usr/local/hadoop/bin/../lib/core-3.1.1.jar:/usr/local/hadoop/bin/../lib/ftplet-api-1.0.0.jar:/usr/local/hadoop/bin/../lib/ftpserver-core-1.0.0.jar:/usr/local/hadoop/bin/../lib/ftpserver-deprecated-1.0.0-M2.jar:/usr/local/hadoop/bin/../lib/hsqldb-1.8.0.10.jar:/usr/local/hadoop/bin/../lib/jackson-core-asl-1.4.2.jar:/usr/local/hadoop/bin/../lib/jackson-mapper-asl-1.4.2.jar:/usr/local/hadoop/bin/../lib/jasper-compiler-5.5.12.jar:/usr/local/hadoop/bin/../lib/jasper-runtime-5.5.12.jar:/usr/local/hadoop/bin/../lib/jdiff-1.0.9.jar:/usr/local/hadoop/bin/../lib/jets3t-0.7.1.jar:/usr/local/hadoop/bin/../lib/jetty-6.1.14.jar:/usr/local/hadoop/bin/../lib/jetty-util-6.1.14.jar:/usr/local/hadoop/bin/../lib/jsp-2.1-6.1.14.jar:/usr/local/hadoop/bin/../lib/jsp-api-2.1-6.1.14.jar:/usr/local/hadoop/bin/../lib/junit-4.8.1.jar:/usr/local/hadoop/bin/../lib/kfs-0.3.jar:/usr/local/hadoop/bin/../lib/log4j-1.2.15.jar:/usr/local/hadoop/bin/../lib/mina-core-2.0.0-M5.jar:/usr/local/hadoop/bin/../lib/mockito-all-1.8.2.jar:/usr/local/hadoop/bin/../lib/oro-2.0.8.jar:/usr/local/hadoop/bin/../lib/paranamer-2.2.jar:/usr/local/hadoop/bin/../lib/paranamer-ant-2.2.jar:/usr/local/hadoop/bin/../lib/paranamer-generator-2.2.jar:/usr/local/hadoop/bin/../lib/qdox-1.10.1.jar:/usr/local/hadoop/bin/../lib/servlet-api-2.5-6.1.14.jar:/usr/local/hadoop/bin/../lib/slf4j-api-1.5.11.jar:/usr/local/hadoop/bin/../lib/slf4j-log4j12-1.5.11.jar:/usr/local/hadoop/bin/../lib/xmlenc-0.52.jar:/usr/local/hadoop/bin/../lib/jsp-2.1/*.jar:/usr/local/hadoop/hdfs/bin/../conf:/usr/local/hadoop/hdfs/bin/../hadoop-hdfs-*.jar:/usr/local/hadoop/hdfs/bin/../lib/*.jar:/usr/local/hadoop/bin/../mapred/conf:/usr/local/hadoop/bin/../mapred/hadoop-mapred-*.jar:/usr/local/hadoop/bin/../mapred/lib/*.jar:/usr/local/hadoop/hdfs/bin/../hadoop-hdfs-*.jar:/usr/local/hadoop/hdfs/bin/../lib/*.jar
STARTUP_MSG:   build = https://svn.apache.org/repos/asf/hadoop/common/branches/branch-0.21 -r 985326; compiled by 'tomwhite' on Tue Aug 17 01:02:28 EDT 2010
************************************************************/
2016-07-20 17:35:48,979 INFO org.apache.hadoop.security.Groups: Group mapping impl=org.apache.hadoop.security.ShellBasedUnixGroupsMapping; cacheTimeout=300000
2016-07-20 17:35:48,989 INFO org.apache.hadoop.metrics.jvm.JvmMetrics: Initializing JVM Metrics with processName=SecondaryNameNode, sessionId=null
2016-07-20 17:35:49,490 INFO org.mortbay.log: Logging to org.slf4j.impl.Log4jLoggerAdapter(org.mortbay.log) via org.mortbay.log.Slf4jLog
2016-07-20 17:35:49,562 INFO org.apache.hadoop.http.HttpServer: Added global filtersafety (class=org.apache.hadoop.http.HttpServer$QuotingInputFilter)
2016-07-20 17:35:49,564 INFO org.apache.hadoop.http.HttpServer: Port returned by webServer.getConnectors()[0].getLocalPort() before open() is -1. Opening the listener on 50090
2016-07-20 17:35:49,568 INFO org.apache.hadoop.http.HttpServer: listener.getLocalPort() returned 50090 webServer.getConnectors()[0].getLocalPort() returned 50090
2016-07-20 17:35:49,568 INFO org.apache.hadoop.http.HttpServer: Jetty bound to port 50090
2016-07-20 17:35:49,568 INFO org.mortbay.log: jetty-6.1.14
2016-07-20 17:35:49,902 INFO org.mortbay.log: Started SelectChannelConnector@0.0.0.0:50090
2016-07-20 17:35:49,902 INFO org.apache.hadoop.hdfs.server.namenode.SecondaryNameNode: Secondary Web-server up at: 0.0.0.0:50090
2016-07-20 17:35:49,903 WARN org.apache.hadoop.hdfs.server.namenode.SecondaryNameNode: Checkpoint Period   :3600 secs (60 min)
2016-07-20 17:35:49,903 WARN org.apache.hadoop.hdfs.server.namenode.SecondaryNameNode: Log Size Trigger    :67108864 bytes (65536 KB)
2016-07-20 17:36:43,266 INFO org.apache.hadoop.hdfs.server.namenode.SecondaryNameNode: SHUTDOWN_MSG: 
/************************************************************
SHUTDOWN_MSG: Shutting down SecondaryNameNode at jayant-H97M-D3H/127.0.1.1
************************************************************/
2016-07-20 17:42:46,657 INFO org.apache.hadoop.hdfs.server.namenode.SecondaryNameNode: STARTUP_MSG: 
/************************************************************
STARTUP_MSG: Starting SecondaryNameNode
STARTUP_MSG:   host = jayant-H97M-D3H/127.0.1.1
STARTUP_MSG:   args = []
STARTUP_MSG:   version = 0.21.0
STARTUP_MSG:   classpath = /usr/local/hadoop/bin/../conf:/usr/lib/jvm/java-8-openjdk-amd64/lib/tools.jar:/usr/local/hadoop/bin/..:/usr/local/hadoop/bin/../hadoop-common-0.21.0.jar:/usr/local/hadoop/bin/../hadoop-common-test-0.21.0.jar:/usr/local/hadoop/bin/../hadoop-hdfs-0.21.0.jar:/usr/local/hadoop/bin/../hadoop-hdfs-0.21.0-sources.jar:/usr/local/hadoop/bin/../hadoop-hdfs-ant-0.21.0.jar:/usr/local/hadoop/bin/../hadoop-hdfs-test-0.21.0.jar:/usr/local/hadoop/bin/../hadoop-hdfs-test-0.21.0-sources.jar:/usr/local/hadoop/bin/../hadoop-mapred-0.21.0.jar:/usr/local/hadoop/bin/../hadoop-mapred-0.21.0-sources.jar:/usr/local/hadoop/bin/../hadoop-mapred-examples-0.21.0.jar:/usr/local/hadoop/bin/../hadoop-mapred-test-0.21.0.jar:/usr/local/hadoop/bin/../hadoop-mapred-tools-0.21.0.jar:/usr/local/hadoop/bin/../lib/ant-1.6.5.jar:/usr/local/hadoop/bin/../lib/asm-3.2.jar:/usr/local/hadoop/bin/../lib/aspectjrt-1.6.5.jar:/usr/local/hadoop/bin/../lib/aspectjtools-1.6.5.jar:/usr/local/hadoop/bin/../lib/avro-1.3.2.jar:/usr/local/hadoop/bin/../lib/commons-cli-1.2.jar:/usr/local/hadoop/bin/../lib/commons-codec-1.4.jar:/usr/local/hadoop/bin/../lib/commons-el-1.0.jar:/usr/local/hadoop/bin/../lib/commons-httpclient-3.1.jar:/usr/local/hadoop/bin/../lib/commons-lang-2.5.jar:/usr/local/hadoop/bin/../lib/commons-logging-1.1.1.jar:/usr/local/hadoop/bin/../lib/commons-logging-api-1.1.jar:/usr/local/hadoop/bin/../lib/commons-net-1.4.1.jar:/usr/local/hadoop/bin/../lib/core-3.1.1.jar:/usr/local/hadoop/bin/../lib/ftplet-api-1.0.0.jar:/usr/local/hadoop/bin/../lib/ftpserver-core-1.0.0.jar:/usr/local/hadoop/bin/../lib/ftpserver-deprecated-1.0.0-M2.jar:/usr/local/hadoop/bin/../lib/hsqldb-1.8.0.10.jar:/usr/local/hadoop/bin/../lib/jackson-core-asl-1.4.2.jar:/usr/local/hadoop/bin/../lib/jackson-mapper-asl-1.4.2.jar:/usr/local/hadoop/bin/../lib/jasper-compiler-5.5.12.jar:/usr/local/hadoop/bin/../lib/jasper-runtime-5.5.12.jar:/usr/local/hadoop/bin/../lib/jdiff-1.0.9.jar:/usr/local/hadoop/bin/../lib/jets3t-0.7.1.jar:/usr/local/hadoop/bin/../lib/jetty-6.1.14.jar:/usr/local/hadoop/bin/../lib/jetty-util-6.1.14.jar:/usr/local/hadoop/bin/../lib/jsp-2.1-6.1.14.jar:/usr/local/hadoop/bin/../lib/jsp-api-2.1-6.1.14.jar:/usr/local/hadoop/bin/../lib/junit-4.8.1.jar:/usr/local/hadoop/bin/../lib/kfs-0.3.jar:/usr/local/hadoop/bin/../lib/log4j-1.2.15.jar:/usr/local/hadoop/bin/../lib/mina-core-2.0.0-M5.jar:/usr/local/hadoop/bin/../lib/mockito-all-1.8.2.jar:/usr/local/hadoop/bin/../lib/oro-2.0.8.jar:/usr/local/hadoop/bin/../lib/paranamer-2.2.jar:/usr/local/hadoop/bin/../lib/paranamer-ant-2.2.jar:/usr/local/hadoop/bin/../lib/paranamer-generator-2.2.jar:/usr/local/hadoop/bin/../lib/qdox-1.10.1.jar:/usr/local/hadoop/bin/../lib/servlet-api-2.5-6.1.14.jar:/usr/local/hadoop/bin/../lib/slf4j-api-1.5.11.jar:/usr/local/hadoop/bin/../lib/slf4j-log4j12-1.5.11.jar:/usr/local/hadoop/bin/../lib/xmlenc-0.52.jar:/usr/local/hadoop/bin/../lib/jsp-2.1/*.jar:/usr/local/hadoop/hdfs/bin/../conf:/usr/local/hadoop/hdfs/bin/../hadoop-hdfs-*.jar:/usr/local/hadoop/hdfs/bin/../lib/*.jar:/usr/local/hadoop/bin/../mapred/conf:/usr/local/hadoop/bin/../mapred/hadoop-mapred-*.jar:/usr/local/hadoop/bin/../mapred/lib/*.jar:/usr/local/hadoop/hdfs/bin/../hadoop-hdfs-*.jar:/usr/local/hadoop/hdfs/bin/../lib/*.jar
STARTUP_MSG:   build = https://svn.apache.org/repos/asf/hadoop/common/branches/branch-0.21 -r 985326; compiled by 'tomwhite' on Tue Aug 17 01:02:28 EDT 2010
************************************************************/
2016-07-20 17:42:46,761 INFO org.apache.hadoop.security.Groups: Group mapping impl=org.apache.hadoop.security.ShellBasedUnixGroupsMapping; cacheTimeout=300000
2016-07-20 17:42:46,767 INFO org.apache.hadoop.metrics.jvm.JvmMetrics: Initializing JVM Metrics with processName=SecondaryNameNode, sessionId=null
2016-07-20 17:42:47,059 INFO org.mortbay.log: Logging to org.slf4j.impl.Log4jLoggerAdapter(org.mortbay.log) via org.mortbay.log.Slf4jLog
2016-07-20 17:42:47,101 INFO org.apache.hadoop.http.HttpServer: Added global filtersafety (class=org.apache.hadoop.http.HttpServer$QuotingInputFilter)
2016-07-20 17:42:47,106 INFO org.apache.hadoop.http.HttpServer: Port returned by webServer.getConnectors()[0].getLocalPort() before open() is -1. Opening the listener on 50090
2016-07-20 17:42:47,107 INFO org.apache.hadoop.http.HttpServer: listener.getLocalPort() returned 50090 webServer.getConnectors()[0].getLocalPort() returned 50090
2016-07-20 17:42:47,107 INFO org.apache.hadoop.http.HttpServer: Jetty bound to port 50090
2016-07-20 17:42:47,107 INFO org.mortbay.log: jetty-6.1.14
2016-07-20 17:42:47,370 INFO org.mortbay.log: Started SelectChannelConnector@0.0.0.0:50090
2016-07-20 17:42:47,370 INFO org.apache.hadoop.hdfs.server.namenode.SecondaryNameNode: Secondary Web-server up at: 0.0.0.0:50090
2016-07-20 17:42:47,370 WARN org.apache.hadoop.hdfs.server.namenode.SecondaryNameNode: Checkpoint Period   :3600 secs (60 min)
2016-07-20 17:42:47,371 WARN org.apache.hadoop.hdfs.server.namenode.SecondaryNameNode: Log Size Trigger    :67108864 bytes (65536 KB)
2016-07-20 17:47:47,656 INFO org.apache.hadoop.hdfs.server.namenode.SecondaryNameNode: Downloaded file fsimage size 948 bytes.
2016-07-20 17:47:47,657 INFO org.apache.hadoop.hdfs.server.namenode.SecondaryNameNode: Downloaded file edits size 10669 bytes.
2016-07-20 17:47:47,665 INFO org.apache.hadoop.hdfs.server.namenode.FSNamesystem: defaultReplication = 3
2016-07-20 17:47:47,665 INFO org.apache.hadoop.hdfs.server.namenode.FSNamesystem: maxReplication = 512
2016-07-20 17:47:47,665 INFO org.apache.hadoop.hdfs.server.namenode.FSNamesystem: minReplication = 1
2016-07-20 17:47:47,665 INFO org.apache.hadoop.hdfs.server.namenode.FSNamesystem: maxReplicationStreams = 2
2016-07-20 17:47:47,665 INFO org.apache.hadoop.hdfs.server.namenode.FSNamesystem: shouldCheckForEnoughRacks = false
2016-07-20 17:47:47,666 INFO org.apache.hadoop.hdfs.server.namenode.FSNamesystem: fsOwner=hduser
2016-07-20 17:47:47,666 INFO org.apache.hadoop.hdfs.server.namenode.FSNamesystem: supergroup=supergroup
2016-07-20 17:47:47,666 INFO org.apache.hadoop.hdfs.server.namenode.FSNamesystem: isPermissionEnabled=true
2016-07-20 17:47:47,667 INFO org.apache.hadoop.hdfs.server.namenode.FSNamesystem: isAccessTokenEnabled=false accessKeyUpdateInterval=0 min(s), accessTokenLifetime=0 min(s)
2016-07-20 17:47:47,703 INFO org.apache.hadoop.hdfs.server.common.Storage: Number of files = 10
2016-07-20 17:47:47,704 INFO org.apache.hadoop.hdfs.server.common.Storage: Number of files under construction = 0
2016-07-20 17:47:47,715 INFO org.apache.hadoop.hdfs.server.common.Storage: Edits file /usr/local/hadoop_tmp/hdfs/hadoopdata/dfs/namesecondary/current/edits of size 10669 edits # 123 loaded in 0 seconds.
2016-07-20 17:47:47,716 INFO org.apache.hadoop.hdfs.server.namenode.FSNamesystem: Number of transactions: 0 Total time for transactions(ms): 0Number of transactions batched in Syncs: 0 Number of syncs: 0 SyncTimes(ms): 0 
2016-07-20 17:47:47,754 INFO org.apache.hadoop.hdfs.server.common.Storage: Image file of size 948 saved in 0 seconds.
2016-07-20 17:47:48,138 INFO org.apache.hadoop.hdfs.server.common.Storage: Image file of size 948 saved in 0 seconds.
2016-07-20 17:47:48,522 INFO org.apache.hadoop.hdfs.server.namenode.SecondaryNameNode: Posted URL master:50070putimage=1&port=50090&machine=127.0.1.1&token=-24:146926798:0:1469017067000:1469016763905
2016-07-20 17:47:49,000 WARN org.apache.hadoop.hdfs.server.namenode.SecondaryNameNode: Checkpoint done. New Image Size: 948
2016-07-20 18:11:44,578 INFO org.apache.hadoop.hdfs.server.namenode.SecondaryNameNode: SHUTDOWN_MSG: 
/************************************************************
SHUTDOWN_MSG: Shutting down SecondaryNameNode at jayant-H97M-D3H/127.0.1.1
************************************************************/
2016-07-20 18:11:55,657 INFO org.apache.hadoop.hdfs.server.namenode.SecondaryNameNode: STARTUP_MSG: 
/************************************************************
STARTUP_MSG: Starting SecondaryNameNode
STARTUP_MSG:   host = jayant-H97M-D3H/127.0.1.1
STARTUP_MSG:   args = []
STARTUP_MSG:   version = 0.21.0
STARTUP_MSG:   classpath = /usr/local/hadoop/bin/../conf:/usr/lib/jvm/java-8-openjdk-amd64/lib/tools.jar:/usr/local/hadoop/bin/..:/usr/local/hadoop/bin/../hadoop-common-0.21.0.jar:/usr/local/hadoop/bin/../hadoop-common-test-0.21.0.jar:/usr/local/hadoop/bin/../hadoop-hdfs-0.21.0.jar:/usr/local/hadoop/bin/../hadoop-hdfs-0.21.0-sources.jar:/usr/local/hadoop/bin/../hadoop-hdfs-ant-0.21.0.jar:/usr/local/hadoop/bin/../hadoop-hdfs-test-0.21.0.jar:/usr/local/hadoop/bin/../hadoop-hdfs-test-0.21.0-sources.jar:/usr/local/hadoop/bin/../hadoop-mapred-0.21.0.jar:/usr/local/hadoop/bin/../hadoop-mapred-0.21.0-sources.jar:/usr/local/hadoop/bin/../hadoop-mapred-examples-0.21.0.jar:/usr/local/hadoop/bin/../hadoop-mapred-test-0.21.0.jar:/usr/local/hadoop/bin/../hadoop-mapred-tools-0.21.0.jar:/usr/local/hadoop/bin/../lib/ant-1.6.5.jar:/usr/local/hadoop/bin/../lib/asm-3.2.jar:/usr/local/hadoop/bin/../lib/aspectjrt-1.6.5.jar:/usr/local/hadoop/bin/../lib/aspectjtools-1.6.5.jar:/usr/local/hadoop/bin/../lib/avro-1.3.2.jar:/usr/local/hadoop/bin/../lib/commons-cli-1.2.jar:/usr/local/hadoop/bin/../lib/commons-codec-1.4.jar:/usr/local/hadoop/bin/../lib/commons-el-1.0.jar:/usr/local/hadoop/bin/../lib/commons-httpclient-3.1.jar:/usr/local/hadoop/bin/../lib/commons-lang-2.5.jar:/usr/local/hadoop/bin/../lib/commons-logging-1.1.1.jar:/usr/local/hadoop/bin/../lib/commons-logging-api-1.1.jar:/usr/local/hadoop/bin/../lib/commons-net-1.4.1.jar:/usr/local/hadoop/bin/../lib/core-3.1.1.jar:/usr/local/hadoop/bin/../lib/ftplet-api-1.0.0.jar:/usr/local/hadoop/bin/../lib/ftpserver-core-1.0.0.jar:/usr/local/hadoop/bin/../lib/ftpserver-deprecated-1.0.0-M2.jar:/usr/local/hadoop/bin/../lib/hsqldb-1.8.0.10.jar:/usr/local/hadoop/bin/../lib/jackson-core-asl-1.4.2.jar:/usr/local/hadoop/bin/../lib/jackson-mapper-asl-1.4.2.jar:/usr/local/hadoop/bin/../lib/jasper-compiler-5.5.12.jar:/usr/local/hadoop/bin/../lib/jasper-runtime-5.5.12.jar:/usr/local/hadoop/bin/../lib/jdiff-1.0.9.jar:/usr/local/hadoop/bin/../lib/jets3t-0.7.1.jar:/usr/local/hadoop/bin/../lib/jetty-6.1.14.jar:/usr/local/hadoop/bin/../lib/jetty-util-6.1.14.jar:/usr/local/hadoop/bin/../lib/jsp-2.1-6.1.14.jar:/usr/local/hadoop/bin/../lib/jsp-api-2.1-6.1.14.jar:/usr/local/hadoop/bin/../lib/junit-4.8.1.jar:/usr/local/hadoop/bin/../lib/kfs-0.3.jar:/usr/local/hadoop/bin/../lib/log4j-1.2.15.jar:/usr/local/hadoop/bin/../lib/mina-core-2.0.0-M5.jar:/usr/local/hadoop/bin/../lib/mockito-all-1.8.2.jar:/usr/local/hadoop/bin/../lib/oro-2.0.8.jar:/usr/local/hadoop/bin/../lib/paranamer-2.2.jar:/usr/local/hadoop/bin/../lib/paranamer-ant-2.2.jar:/usr/local/hadoop/bin/../lib/paranamer-generator-2.2.jar:/usr/local/hadoop/bin/../lib/qdox-1.10.1.jar:/usr/local/hadoop/bin/../lib/servlet-api-2.5-6.1.14.jar:/usr/local/hadoop/bin/../lib/slf4j-api-1.5.11.jar:/usr/local/hadoop/bin/../lib/slf4j-log4j12-1.5.11.jar:/usr/local/hadoop/bin/../lib/xmlenc-0.52.jar:/usr/local/hadoop/bin/../lib/jsp-2.1/*.jar:/usr/local/hadoop/hdfs/bin/../conf:/usr/local/hadoop/hdfs/bin/../hadoop-hdfs-*.jar:/usr/local/hadoop/hdfs/bin/../lib/*.jar:/usr/local/hadoop/bin/../mapred/conf:/usr/local/hadoop/bin/../mapred/hadoop-mapred-*.jar:/usr/local/hadoop/bin/../mapred/lib/*.jar:/usr/local/hadoop/hdfs/bin/../hadoop-hdfs-*.jar:/usr/local/hadoop/hdfs/bin/../lib/*.jar
STARTUP_MSG:   build = https://svn.apache.org/repos/asf/hadoop/common/branches/branch-0.21 -r 985326; compiled by 'tomwhite' on Tue Aug 17 01:02:28 EDT 2010
************************************************************/
2016-07-20 18:11:55,758 INFO org.apache.hadoop.security.Groups: Group mapping impl=org.apache.hadoop.security.ShellBasedUnixGroupsMapping; cacheTimeout=300000
2016-07-20 18:11:55,763 INFO org.apache.hadoop.metrics.jvm.JvmMetrics: Initializing JVM Metrics with processName=SecondaryNameNode, sessionId=null
2016-07-20 18:11:55,983 INFO org.mortbay.log: Logging to org.slf4j.impl.Log4jLoggerAdapter(org.mortbay.log) via org.mortbay.log.Slf4jLog
2016-07-20 18:11:56,022 INFO org.apache.hadoop.http.HttpServer: Added global filtersafety (class=org.apache.hadoop.http.HttpServer$QuotingInputFilter)
2016-07-20 18:11:56,026 INFO org.apache.hadoop.http.HttpServer: Port returned by webServer.getConnectors()[0].getLocalPort() before open() is -1. Opening the listener on 50090
2016-07-20 18:11:56,028 INFO org.apache.hadoop.http.HttpServer: listener.getLocalPort() returned 50090 webServer.getConnectors()[0].getLocalPort() returned 50090
2016-07-20 18:11:56,028 INFO org.apache.hadoop.http.HttpServer: Jetty bound to port 50090
2016-07-20 18:11:56,028 INFO org.mortbay.log: jetty-6.1.14
2016-07-20 18:11:56,266 INFO org.mortbay.log: Started SelectChannelConnector@0.0.0.0:50090
2016-07-20 18:11:56,266 INFO org.apache.hadoop.hdfs.server.namenode.SecondaryNameNode: Secondary Web-server up at: 0.0.0.0:50090
2016-07-20 18:11:56,267 WARN org.apache.hadoop.hdfs.server.namenode.SecondaryNameNode: Checkpoint Period   :3600 secs (60 min)
2016-07-20 18:11:56,267 WARN org.apache.hadoop.hdfs.server.namenode.SecondaryNameNode: Log Size Trigger    :67108864 bytes (65536 KB)
2016-07-20 18:16:56,447 INFO org.apache.hadoop.hdfs.server.namenode.SecondaryNameNode: Downloaded file fsimage size 948 bytes.
2016-07-20 18:16:56,448 INFO org.apache.hadoop.hdfs.server.namenode.SecondaryNameNode: Downloaded file edits size 654 bytes.
2016-07-20 18:16:56,458 INFO org.apache.hadoop.hdfs.server.namenode.FSNamesystem: defaultReplication = 3
2016-07-20 18:16:56,458 INFO org.apache.hadoop.hdfs.server.namenode.FSNamesystem: maxReplication = 512
2016-07-20 18:16:56,458 INFO org.apache.hadoop.hdfs.server.namenode.FSNamesystem: minReplication = 1
2016-07-20 18:16:56,458 INFO org.apache.hadoop.hdfs.server.namenode.FSNamesystem: maxReplicationStreams = 2
2016-07-20 18:16:56,458 INFO org.apache.hadoop.hdfs.server.namenode.FSNamesystem: shouldCheckForEnoughRacks = false
2016-07-20 18:16:56,459 INFO org.apache.hadoop.hdfs.server.namenode.FSNamesystem: fsOwner=hduser
2016-07-20 18:16:56,459 INFO org.apache.hadoop.hdfs.server.namenode.FSNamesystem: supergroup=supergroup
2016-07-20 18:16:56,459 INFO org.apache.hadoop.hdfs.server.namenode.FSNamesystem: isPermissionEnabled=true
2016-07-20 18:16:56,460 INFO org.apache.hadoop.hdfs.server.namenode.FSNamesystem: isAccessTokenEnabled=false accessKeyUpdateInterval=0 min(s), accessTokenLifetime=0 min(s)
2016-07-20 18:16:56,488 INFO org.apache.hadoop.hdfs.server.common.Storage: Number of files = 10
2016-07-20 18:16:56,488 INFO org.apache.hadoop.hdfs.server.common.Storage: Number of files under construction = 0
2016-07-20 18:16:56,493 INFO org.apache.hadoop.hdfs.server.common.Storage: Edits file /usr/local/hadoop_tmp/hdfs/hadoopdata/dfs/namesecondary/current/edits of size 654 edits # 7 loaded in 0 seconds.
2016-07-20 18:16:56,493 INFO org.apache.hadoop.hdfs.server.namenode.FSNamesystem: Number of transactions: 0 Total time for transactions(ms): 0Number of transactions batched in Syncs: 0 Number of syncs: 0 SyncTimes(ms): 0 
2016-07-20 18:16:56,531 INFO org.apache.hadoop.hdfs.server.common.Storage: Image file of size 1091 saved in 0 seconds.
2016-07-20 18:16:56,897 INFO org.apache.hadoop.hdfs.server.common.Storage: Image file of size 1091 saved in 0 seconds.
2016-07-20 18:16:57,264 INFO org.apache.hadoop.hdfs.server.namenode.SecondaryNameNode: Posted URL master:50070putimage=1&port=50090&machine=127.0.1.1&token=-24:146926798:0:1469018816000:1469018512989
2016-07-20 18:16:57,710 WARN org.apache.hadoop.hdfs.server.namenode.SecondaryNameNode: Checkpoint done. New Image Size: 1091
2016-07-20 19:16:53,907 INFO org.apache.hadoop.hdfs.server.namenode.SecondaryNameNode: SHUTDOWN_MSG: 
/************************************************************
SHUTDOWN_MSG: Shutting down SecondaryNameNode at jayant-H97M-D3H/127.0.1.1
************************************************************/
2016-07-20 19:17:02,446 INFO org.apache.hadoop.hdfs.server.namenode.SecondaryNameNode: STARTUP_MSG: 
/************************************************************
STARTUP_MSG: Starting SecondaryNameNode
STARTUP_MSG:   host = jayant-H97M-D3H/127.0.1.1
STARTUP_MSG:   args = []
STARTUP_MSG:   version = 0.21.0
STARTUP_MSG:   classpath = /usr/local/hadoop/bin/../conf:/usr/lib/jvm/java-8-openjdk-amd64/lib/tools.jar:/usr/local/hadoop/bin/..:/usr/local/hadoop/bin/../hadoop-common-0.21.0.jar:/usr/local/hadoop/bin/../hadoop-common-test-0.21.0.jar:/usr/local/hadoop/bin/../hadoop-hdfs-0.21.0.jar:/usr/local/hadoop/bin/../hadoop-hdfs-0.21.0-sources.jar:/usr/local/hadoop/bin/../hadoop-hdfs-ant-0.21.0.jar:/usr/local/hadoop/bin/../hadoop-hdfs-test-0.21.0.jar:/usr/local/hadoop/bin/../hadoop-hdfs-test-0.21.0-sources.jar:/usr/local/hadoop/bin/../hadoop-mapred-0.21.0.jar:/usr/local/hadoop/bin/../hadoop-mapred-0.21.0-sources.jar:/usr/local/hadoop/bin/../hadoop-mapred-examples-0.21.0.jar:/usr/local/hadoop/bin/../hadoop-mapred-test-0.21.0.jar:/usr/local/hadoop/bin/../hadoop-mapred-tools-0.21.0.jar:/usr/local/hadoop/bin/../lib/ant-1.6.5.jar:/usr/local/hadoop/bin/../lib/asm-3.2.jar:/usr/local/hadoop/bin/../lib/aspectjrt-1.6.5.jar:/usr/local/hadoop/bin/../lib/aspectjtools-1.6.5.jar:/usr/local/hadoop/bin/../lib/avro-1.3.2.jar:/usr/local/hadoop/bin/../lib/commons-cli-1.2.jar:/usr/local/hadoop/bin/../lib/commons-codec-1.4.jar:/usr/local/hadoop/bin/../lib/commons-el-1.0.jar:/usr/local/hadoop/bin/../lib/commons-httpclient-3.1.jar:/usr/local/hadoop/bin/../lib/commons-lang-2.5.jar:/usr/local/hadoop/bin/../lib/commons-logging-1.1.1.jar:/usr/local/hadoop/bin/../lib/commons-logging-api-1.1.jar:/usr/local/hadoop/bin/../lib/commons-net-1.4.1.jar:/usr/local/hadoop/bin/../lib/core-3.1.1.jar:/usr/local/hadoop/bin/../lib/ftplet-api-1.0.0.jar:/usr/local/hadoop/bin/../lib/ftpserver-core-1.0.0.jar:/usr/local/hadoop/bin/../lib/ftpserver-deprecated-1.0.0-M2.jar:/usr/local/hadoop/bin/../lib/hsqldb-1.8.0.10.jar:/usr/local/hadoop/bin/../lib/jackson-core-asl-1.4.2.jar:/usr/local/hadoop/bin/../lib/jackson-mapper-asl-1.4.2.jar:/usr/local/hadoop/bin/../lib/jasper-compiler-5.5.12.jar:/usr/local/hadoop/bin/../lib/jasper-runtime-5.5.12.jar:/usr/local/hadoop/bin/../lib/jdiff-1.0.9.jar:/usr/local/hadoop/bin/../lib/jets3t-0.7.1.jar:/usr/local/hadoop/bin/../lib/jetty-6.1.14.jar:/usr/local/hadoop/bin/../lib/jetty-util-6.1.14.jar:/usr/local/hadoop/bin/../lib/jsp-2.1-6.1.14.jar:/usr/local/hadoop/bin/../lib/jsp-api-2.1-6.1.14.jar:/usr/local/hadoop/bin/../lib/junit-4.8.1.jar:/usr/local/hadoop/bin/../lib/kfs-0.3.jar:/usr/local/hadoop/bin/../lib/log4j-1.2.15.jar:/usr/local/hadoop/bin/../lib/mina-core-2.0.0-M5.jar:/usr/local/hadoop/bin/../lib/mockito-all-1.8.2.jar:/usr/local/hadoop/bin/../lib/oro-2.0.8.jar:/usr/local/hadoop/bin/../lib/paranamer-2.2.jar:/usr/local/hadoop/bin/../lib/paranamer-ant-2.2.jar:/usr/local/hadoop/bin/../lib/paranamer-generator-2.2.jar:/usr/local/hadoop/bin/../lib/qdox-1.10.1.jar:/usr/local/hadoop/bin/../lib/servlet-api-2.5-6.1.14.jar:/usr/local/hadoop/bin/../lib/slf4j-api-1.5.11.jar:/usr/local/hadoop/bin/../lib/slf4j-log4j12-1.5.11.jar:/usr/local/hadoop/bin/../lib/xmlenc-0.52.jar:/usr/local/hadoop/bin/../lib/jsp-2.1/*.jar:/usr/local/hadoop/hdfs/bin/../conf:/usr/local/hadoop/hdfs/bin/../hadoop-hdfs-*.jar:/usr/local/hadoop/hdfs/bin/../lib/*.jar:/usr/local/hadoop/bin/../mapred/conf:/usr/local/hadoop/bin/../mapred/hadoop-mapred-*.jar:/usr/local/hadoop/bin/../mapred/lib/*.jar:/usr/local/hadoop/hdfs/bin/../hadoop-hdfs-*.jar:/usr/local/hadoop/hdfs/bin/../lib/*.jar
STARTUP_MSG:   build = https://svn.apache.org/repos/asf/hadoop/common/branches/branch-0.21 -r 985326; compiled by 'tomwhite' on Tue Aug 17 01:02:28 EDT 2010
************************************************************/
2016-07-20 19:17:02,504 INFO org.apache.hadoop.security.Groups: Group mapping impl=org.apache.hadoop.security.ShellBasedUnixGroupsMapping; cacheTimeout=300000
2016-07-20 19:17:02,506 INFO org.apache.hadoop.metrics.jvm.JvmMetrics: Initializing JVM Metrics with processName=SecondaryNameNode, sessionId=null
2016-07-20 19:17:02,622 INFO org.mortbay.log: Logging to org.slf4j.impl.Log4jLoggerAdapter(org.mortbay.log) via org.mortbay.log.Slf4jLog
2016-07-20 19:17:02,644 INFO org.apache.hadoop.http.HttpServer: Added global filtersafety (class=org.apache.hadoop.http.HttpServer$QuotingInputFilter)
2016-07-20 19:17:02,645 INFO org.apache.hadoop.http.HttpServer: Port returned by webServer.getConnectors()[0].getLocalPort() before open() is -1. Opening the listener on 50090
2016-07-20 19:17:02,646 INFO org.apache.hadoop.http.HttpServer: listener.getLocalPort() returned 50090 webServer.getConnectors()[0].getLocalPort() returned 50090
2016-07-20 19:17:02,646 INFO org.apache.hadoop.http.HttpServer: Jetty bound to port 50090
2016-07-20 19:17:02,646 INFO org.mortbay.log: jetty-6.1.14
2016-07-20 19:17:02,759 INFO org.mortbay.log: Started SelectChannelConnector@0.0.0.0:50090
2016-07-20 19:17:02,759 INFO org.apache.hadoop.hdfs.server.namenode.SecondaryNameNode: Secondary Web-server up at: 0.0.0.0:50090
2016-07-20 19:17:02,759 WARN org.apache.hadoop.hdfs.server.namenode.SecondaryNameNode: Checkpoint Period   :3600 secs (60 min)
2016-07-20 19:17:02,759 WARN org.apache.hadoop.hdfs.server.namenode.SecondaryNameNode: Log Size Trigger    :67108864 bytes (65536 KB)
2016-07-20 19:22:02,917 INFO org.apache.hadoop.hdfs.server.namenode.SecondaryNameNode: Downloaded file fsimage size 2375 bytes.
2016-07-20 19:22:02,919 INFO org.apache.hadoop.hdfs.server.namenode.SecondaryNameNode: Downloaded file edits size 652 bytes.
2016-07-20 19:22:02,929 INFO org.apache.hadoop.hdfs.server.namenode.FSNamesystem: defaultReplication = 3
2016-07-20 19:22:02,929 INFO org.apache.hadoop.hdfs.server.namenode.FSNamesystem: maxReplication = 512
2016-07-20 19:22:02,929 INFO org.apache.hadoop.hdfs.server.namenode.FSNamesystem: minReplication = 1
2016-07-20 19:22:02,929 INFO org.apache.hadoop.hdfs.server.namenode.FSNamesystem: maxReplicationStreams = 2
2016-07-20 19:22:02,929 INFO org.apache.hadoop.hdfs.server.namenode.FSNamesystem: shouldCheckForEnoughRacks = false
2016-07-20 19:22:02,930 INFO org.apache.hadoop.hdfs.server.namenode.FSNamesystem: fsOwner=hduser
2016-07-20 19:22:02,930 INFO org.apache.hadoop.hdfs.server.namenode.FSNamesystem: supergroup=supergroup
2016-07-20 19:22:02,930 INFO org.apache.hadoop.hdfs.server.namenode.FSNamesystem: isPermissionEnabled=true
2016-07-20 19:22:02,932 INFO org.apache.hadoop.hdfs.server.namenode.FSNamesystem: isAccessTokenEnabled=false accessKeyUpdateInterval=0 min(s), accessTokenLifetime=0 min(s)
2016-07-20 19:22:02,964 INFO org.apache.hadoop.hdfs.server.common.Storage: Number of files = 24
2016-07-20 19:22:02,967 INFO org.apache.hadoop.hdfs.server.common.Storage: Number of files under construction = 0
2016-07-20 19:22:02,970 INFO org.apache.hadoop.hdfs.server.common.Storage: Edits file /usr/local/hadoop_tmp/hdfs/hadoopdata/dfs/namesecondary/current/edits of size 652 edits # 7 loaded in 0 seconds.
2016-07-20 19:22:02,970 INFO org.apache.hadoop.hdfs.server.namenode.FSNamesystem: Number of transactions: 0 Total time for transactions(ms): 0Number of transactions batched in Syncs: 0 Number of syncs: 0 SyncTimes(ms): 0 
2016-07-20 19:22:03,011 INFO org.apache.hadoop.hdfs.server.common.Storage: Image file of size 2375 saved in 0 seconds.
2016-07-20 19:22:03,380 INFO org.apache.hadoop.hdfs.server.common.Storage: Image file of size 2375 saved in 0 seconds.
2016-07-20 19:22:03,738 INFO org.apache.hadoop.hdfs.server.namenode.SecondaryNameNode: Posted URL master:50070putimage=1&port=50090&machine=127.0.1.1&token=-24:146926798:0:1469022722000:1469022419786
2016-07-20 19:22:04,190 WARN org.apache.hadoop.hdfs.server.namenode.SecondaryNameNode: Checkpoint done. New Image Size: 2375
2016-07-20 20:22:04,218 INFO org.apache.hadoop.hdfs.server.namenode.FSNamesystem: Number of transactions: 0 Total time for transactions(ms): 0Number of transactions batched in Syncs: 0 Number of syncs: 0 SyncTimes(ms): 0 
2016-07-20 20:22:04,364 INFO org.apache.hadoop.hdfs.server.namenode.SecondaryNameNode: Downloaded file fsimage size 2375 bytes.
2016-07-20 20:22:04,366 INFO org.apache.hadoop.hdfs.server.namenode.SecondaryNameNode: Downloaded file edits size 73 bytes.
2016-07-20 20:22:04,366 INFO org.apache.hadoop.hdfs.server.namenode.FSNamesystem: defaultReplication = 3
2016-07-20 20:22:04,366 INFO org.apache.hadoop.hdfs.server.namenode.FSNamesystem: maxReplication = 512
2016-07-20 20:22:04,366 INFO org.apache.hadoop.hdfs.server.namenode.FSNamesystem: minReplication = 1
2016-07-20 20:22:04,366 INFO org.apache.hadoop.hdfs.server.namenode.FSNamesystem: maxReplicationStreams = 2
2016-07-20 20:22:04,366 INFO org.apache.hadoop.hdfs.server.namenode.FSNamesystem: shouldCheckForEnoughRacks = false
2016-07-20 20:22:04,366 INFO org.apache.hadoop.hdfs.server.namenode.FSNamesystem: fsOwner=hduser
2016-07-20 20:22:04,367 INFO org.apache.hadoop.hdfs.server.namenode.FSNamesystem: supergroup=supergroup
2016-07-20 20:22:04,367 INFO org.apache.hadoop.hdfs.server.namenode.FSNamesystem: isPermissionEnabled=true
2016-07-20 20:22:04,367 INFO org.apache.hadoop.hdfs.server.namenode.FSNamesystem: isAccessTokenEnabled=false accessKeyUpdateInterval=0 min(s), accessTokenLifetime=0 min(s)
2016-07-20 20:22:04,367 INFO org.apache.hadoop.hdfs.server.common.Storage: Number of files = 24
2016-07-20 20:22:04,368 INFO org.apache.hadoop.hdfs.server.common.Storage: Number of files under construction = 0
2016-07-20 20:22:04,369 INFO org.apache.hadoop.hdfs.server.common.Storage: Edits file /usr/local/hadoop_tmp/hdfs/hadoopdata/dfs/namesecondary/current/edits of size 73 edits # 1 loaded in 0 seconds.
2016-07-20 20:22:04,369 INFO org.apache.hadoop.hdfs.server.namenode.FSNamesystem: Number of transactions: 0 Total time for transactions(ms): 0Number of transactions batched in Syncs: 0 Number of syncs: 0 SyncTimes(ms): 0 
2016-07-20 20:22:04,412 INFO org.apache.hadoop.hdfs.server.common.Storage: Image file of size 2252 saved in 0 seconds.
2016-07-20 20:22:04,789 INFO org.apache.hadoop.hdfs.server.common.Storage: Image file of size 2252 saved in 0 seconds.
2016-07-20 20:22:05,190 INFO org.apache.hadoop.hdfs.server.namenode.SecondaryNameNode: Posted URL master:50070putimage=1&port=50090&machine=127.0.1.1&token=-24:146926798:0:1469026324000:1469022723806
2016-07-20 20:22:05,550 WARN org.apache.hadoop.hdfs.server.namenode.SecondaryNameNode: Checkpoint done. New Image Size: 2252
2016-07-20 20:59:39,896 INFO org.apache.hadoop.hdfs.server.namenode.SecondaryNameNode: SHUTDOWN_MSG: 
/************************************************************
SHUTDOWN_MSG: Shutting down SecondaryNameNode at jayant-H97M-D3H/127.0.1.1
************************************************************/
